{"meta": {"format": 3, "version": "7.13.5", "timestamp": "2026-05-07T23:54:46.293753", "branch_coverage": false, "show_contexts": false}, "files": {"api\\__init__.py": {"executed_lines": [], "summary": {"covered_lines": 0, "num_statements": 0, "percent_covered": 100.0, "percent_covered_display": "100", "missing_lines": 0, "excluded_lines": 0, "percent_statements_covered": 100.0, "percent_statements_covered_display": "100"}, "missing_lines": [], "excluded_lines": [], "functions": {"": {"executed_lines": [], "summary": {"covered_lines": 0, "num_statements": 0, "percent_covered": 100.0, "percent_covered_display": "100", "missing_lines": 0, "excluded_lines": 0, "percent_statements_covered": 100.0, "percent_statements_covered_display": "100"}, "missing_lines": [], "excluded_lines": [], "start_line": 1}}, "classes": {"": {"executed_lines": [], "summary": {"covered_lines": 0, "num_statements": 0, "percent_covered": 100.0, "percent_covered_display": "100", "missing_lines": 0, "excluded_lines": 0, "percent_statements_covered": 100.0, "percent_statements_covered_display": "100"}, "missing_lines": [], "excluded_lines": [], "start_line": 1}}}, "api\\audit.py": {"executed_lines": [], "summary": {"covered_lines": 0, "num_statements": 127, "percent_covered": 0.0, "percent_covered_display": "0", "missing_lines": 127, "excluded_lines": 0, "percent_statements_covered": 0.0, "percent_statements_covered_display": "0"}, "missing_lines": [30, 31, 32, 33, 34, 35, 36, 37, 38, 40, 43, 47, 48, 49, 50, 51, 54, 55, 56, 57, 58, 59, 60, 61, 62, 63, 64, 67, 68, 69, 72, 73, 74, 75, 76, 79, 80, 83, 84, 87, 88, 89, 92, 93, 96, 99, 100, 101, 102, 103, 106, 109, 112, 113, 114, 115, 117, 118, 119, 120, 122, 125, 128, 137, 149, 153, 154, 156, 157, 160, 161, 164, 167, 170, 172, 173, 175, 177, 178, 179, 180, 181, 198, 204, 205, 206, 208, 215, 216, 219, 220, 223, 224, 226, 227, 228, 229, 230, 232, 233, 234, 250, 252, 255, 263, 277, 284, 295, 305, 321, 331, 339, 346, 359, 369, 382, 393, 407, 408, 411, 414, 415, 416, 417, 420, 443, 444], "excluded_lines": [], "functions": {"AuditLogger.__init__": {"executed_lines": [], "summary": {"covered_lines": 0, "num_statements": 12, "percent_covered": 0.0, "percent_covered_display": "0", "missing_lines": 12, "excluded_lines": 0, "percent_statements_covered": 0.0, "percent_statements_covered_display": "0"}, "missing_lines": [149, 153, 154, 156, 157, 160, 161, 164, 167, 170, 172, 173], "excluded_lines": [], "start_line": 137}, "AuditLogger._init_csv": {"executed_lines": [], "summary": {"covered_lines": 0, "num_statements": 5, "percent_covered": 0.0, "percent_covered_display": "0", "missing_lines": 5, "excluded_lines": 0, "percent_statements_covered": 0.0, "percent_statements_covered_display": "0"}, "missing_lines": [177, 178, 179, 180, 181], "excluded_lines": [], "start_line": 175}, "AuditLogger._hash_identifier": {"executed_lines": [], "summary": {"covered_lines": 0, "num_statements": 3, "percent_covered": 0.0, "percent_covered_display": "0", "missing_lines": 3, "excluded_lines": 0, "percent_statements_covered": 0.0, "percent_statements_covered_display": "0"}, "missing_lines": [204, 205, 206], "excluded_lines": [], "start_line": 198}, "AuditLogger.log": {"executed_lines": [], "summary": {"covered_lines": 0, "num_statements": 18, "percent_covered": 0.0, "percent_covered_display": "0", "missing_lines": 18, "excluded_lines": 0, "percent_statements_covered": 0.0, "percent_statements_covered_display": "0"}, "missing_lines": [215, 216, 219, 220, 223, 224, 226, 227, 228, 229, 230, 232, 233, 234, 250, 252, 255, 263], "excluded_lines": [], "start_line": 208}, "AuditLogger.log_auth_success": {"executed_lines": [], "summary": {"covered_lines": 0, "num_statements": 1, "percent_covered": 0.0, "percent_covered_display": "0", "missing_lines": 1, "excluded_lines": 0, "percent_statements_covered": 0.0, "percent_statements_covered_display": "0"}, "missing_lines": [284], "excluded_lines": [], "start_line": 277}, "AuditLogger.log_auth_failure": {"executed_lines": [], "summary": {"covered_lines": 0, "num_statements": 1, "percent_covered": 0.0, "percent_covered_display": "0", "missing_lines": 1, "excluded_lines": 0, "percent_statements_covered": 0.0, "percent_statements_covered_display": "0"}, "missing_lines": [305], "excluded_lines": [], "start_line": 295}, "AuditLogger.log_data_access": {"executed_lines": [], "summary": {"covered_lines": 0, "num_statements": 3, "percent_covered": 0.0, "percent_covered_display": "0", "missing_lines": 3, "excluded_lines": 0, "percent_statements_covered": 0.0, "percent_statements_covered_display": "0"}, "missing_lines": [331, 339, 346], "excluded_lines": [], "start_line": 321}, "AuditLogger.log_admin_action": {"executed_lines": [], "summary": {"covered_lines": 0, "num_statements": 1, "percent_covered": 0.0, "percent_covered_display": "0", "missing_lines": 1, "excluded_lines": 0, "percent_statements_covered": 0.0, "percent_statements_covered_display": "0"}, "missing_lines": [369], "excluded_lines": [], "start_line": 359}, "AuditLogger.log_security_event": {"executed_lines": [], "summary": {"covered_lines": 0, "num_statements": 1, "percent_covered": 0.0, "percent_covered_display": "0", "missing_lines": 1, "excluded_lines": 0, "percent_statements_covered": 0.0, "percent_statements_covered_display": "0"}, "missing_lines": [393], "excluded_lines": [], "start_line": 382}, "get_audit_logger": {"executed_lines": [], "summary": {"covered_lines": 0, "num_statements": 4, "percent_covered": 0.0, "percent_covered_display": "0", "missing_lines": 4, "excluded_lines": 0, "percent_statements_covered": 0.0, "percent_statements_covered_display": "0"}, "missing_lines": [414, 415, 416, 417], "excluded_lines": [], "start_line": 411}, "log_audit_event": {"executed_lines": [], "summary": {"covered_lines": 0, "num_statements": 2, "percent_covered": 0.0, "percent_covered_display": "0", "missing_lines": 2, "excluded_lines": 0, "percent_statements_covered": 0.0, "percent_statements_covered_display": "0"}, "missing_lines": [443, 444], "excluded_lines": [], "start_line": 420}, "": {"executed_lines": [], "summary": {"covered_lines": 0, "num_statements": 76, "percent_covered": 0.0, "percent_covered_display": "0", "missing_lines": 76, "excluded_lines": 0, "percent_statements_covered": 0.0, "percent_statements_covered_display": "0"}, "missing_lines": [30, 31, 32, 33, 34, 35, 36, 37, 38, 40, 43, 47, 48, 49, 50, 51, 54, 55, 56, 57, 58, 59, 60, 61, 62, 63, 64, 67, 68, 69, 72, 73, 74, 75, 76, 79, 80, 83, 84, 87, 88, 89, 92, 93, 96, 99, 100, 101, 102, 103, 106, 109, 112, 113, 114, 115, 117, 118, 119, 120, 122, 125, 128, 137, 175, 198, 208, 277, 295, 321, 359, 382, 407, 408, 411, 420], "excluded_lines": [], "start_line": 1}}, "classes": {"AuditEventType": {"executed_lines": [], "summary": {"covered_lines": 0, "num_statements": 0, "percent_covered": 100.0, "percent_covered_display": "100", "missing_lines": 0, "excluded_lines": 0, "percent_statements_covered": 100.0, "percent_statements_covered_display": "100"}, "missing_lines": [], "excluded_lines": [], "start_line": 43}, "AuditLevel": {"executed_lines": [], "summary": {"covered_lines": 0, "num_statements": 0, "percent_covered": 100.0, "percent_covered_display": "100", "missing_lines": 0, "excluded_lines": 0, "percent_statements_covered": 100.0, "percent_statements_covered_display": "100"}, "missing_lines": [], "excluded_lines": [], "start_line": 96}, "AuditEvent": {"executed_lines": [], "summary": {"covered_lines": 0, "num_statements": 0, "percent_covered": 100.0, "percent_covered_display": "100", "missing_lines": 0, "excluded_lines": 0, "percent_statements_covered": 100.0, "percent_statements_covered_display": "100"}, "missing_lines": [], "excluded_lines": [], "start_line": 106}, "AuditEvent.Config": {"executed_lines": [], "summary": {"covered_lines": 0, "num_statements": 0, "percent_covered": 100.0, "percent_covered_display": "100", "missing_lines": 0, "excluded_lines": 0, "percent_statements_covered": 100.0, "percent_statements_covered_display": "100"}, "missing_lines": [], "excluded_lines": [], "start_line": 122}, "AuditLogger": {"executed_lines": [], "summary": {"covered_lines": 0, "num_statements": 45, "percent_covered": 0.0, "percent_covered_display": "0", "missing_lines": 45, "excluded_lines": 0, "percent_statements_covered": 0.0, "percent_statements_covered_display": "0"}, "missing_lines": [149, 153, 154, 156, 157, 160, 161, 164, 167, 170, 172, 173, 177, 178, 179, 180, 181, 204, 205, 206, 215, 216, 219, 220, 223, 224, 226, 227, 228, 229, 230, 232, 233, 234, 250, 252, 255, 263, 284, 305, 331, 339, 346, 369, 393], "excluded_lines": [], "start_line": 128}, "": {"executed_lines": [], "summary": {"covered_lines": 0, "num_statements": 82, "percent_covered": 0.0, "percent_covered_display": "0", "missing_lines": 82, "excluded_lines": 0, "percent_statements_covered": 0.0, "percent_statements_covered_display": "0"}, "missing_lines": [30, 31, 32, 33, 34, 35, 36, 37, 38, 40, 43, 47, 48, 49, 50, 51, 54, 55, 56, 57, 58, 59, 60, 61, 62, 63, 64, 67, 68, 69, 72, 73, 74, 75, 76, 79, 80, 83, 84, 87, 88, 89, 92, 93, 96, 99, 100, 101, 102, 103, 106, 109, 112, 113, 114, 115, 117, 118, 119, 120, 122, 125, 128, 137, 175, 198, 208, 277, 295, 321, 359, 382, 407, 408, 411, 414, 415, 416, 417, 420, 443, 444], "excluded_lines": [], "start_line": 1}}}, "api\\auth.py": {"executed_lines": [], "summary": {"covered_lines": 0, "num_statements": 44, "percent_covered": 0.0, "percent_covered_display": "0", "missing_lines": 44, "excluded_lines": 0, "percent_statements_covered": 0.0, "percent_statements_covered_display": "0"}, "missing_lines": [1, 2, 4, 5, 7, 8, 10, 11, 13, 16, 18, 19, 20, 21, 24, 41, 43, 44, 46, 47, 56, 62, 67, 68, 69, 71, 72, 73, 74, 75, 77, 79, 80, 82, 83, 90, 98, 100, 101, 105, 108, 109, 120, 128], "excluded_lines": [], "functions": {"_is_valid_api_key": {"executed_lines": [], "summary": {"covered_lines": 0, "num_statements": 4, "percent_covered": 0.0, "percent_covered_display": "0", "missing_lines": 4, "excluded_lines": 0, "percent_statements_covered": 0.0, "percent_statements_covered_display": "0"}, "missing_lines": [18, 19, 20, 21], "excluded_lines": [], "start_line": 16}, "get_api_key": {"executed_lines": [], "summary": {"covered_lines": 0, "num_statements": 29, "percent_covered": 0.0, "percent_covered_display": "0", "missing_lines": 29, "excluded_lines": 0, "percent_statements_covered": 0.0, "percent_statements_covered_display": "0"}, "missing_lines": [41, 43, 44, 46, 47, 56, 62, 67, 68, 69, 71, 72, 73, 74, 75, 77, 79, 80, 82, 83, 90, 98, 100, 101, 105, 108, 109, 120, 128], "excluded_lines": [], "start_line": 24}, "": {"executed_lines": [], "summary": {"covered_lines": 0, "num_statements": 11, "percent_covered": 0.0, "percent_covered_display": "0", "missing_lines": 11, "excluded_lines": 0, "percent_statements_covered": 0.0, "percent_statements_covered_display": "0"}, "missing_lines": [1, 2, 4, 5, 7, 8, 10, 11, 13, 16, 24], "excluded_lines": [], "start_line": 1}}, "classes": {"": {"executed_lines": [], "summary": {"covered_lines": 0, "num_statements": 44, "percent_covered": 0.0, "percent_covered_display": "0", "missing_lines": 44, "excluded_lines": 0, "percent_statements_covered": 0.0, "percent_statements_covered_display": "0"}, "missing_lines": [1, 2, 4, 5, 7, 8, 10, 11, 13, 16, 18, 19, 20, 21, 24, 41, 43, 44, 46, 47, 56, 62, 67, 68, 69, 71, 72, 73, 74, 75, 77, 79, 80, 82, 83, 90, 98, 100, 101, 105, 108, 109, 120, 128], "excluded_lines": [], "start_line": 1}}}, "api\\chat_sources.py": {"executed_lines": [], "summary": {"covered_lines": 0, "num_statements": 98, "percent_covered": 0.0, "percent_covered_display": "0", "missing_lines": 98, "excluded_lines": 0, "percent_statements_covered": 0.0, "percent_statements_covered_display": "0"}, "missing_lines": [1, 3, 4, 6, 9, 26, 27, 29, 30, 31, 32, 34, 36, 37, 38, 41, 56, 58, 61, 62, 63, 64, 67, 68, 69, 79, 82, 89, 90, 91, 93, 94, 95, 97, 98, 100, 101, 102, 104, 105, 107, 108, 109, 110, 111, 112, 114, 115, 116, 118, 119, 120, 121, 122, 124, 126, 127, 128, 129, 130, 131, 133, 135, 138, 145, 146, 147, 149, 150, 151, 153, 154, 156, 157, 158, 160, 161, 162, 163, 165, 166, 167, 168, 170, 171, 172, 173, 174, 175, 177, 179, 180, 181, 182, 183, 184, 186, 188], "excluded_lines": [], "functions": {"serialize_enhanced_citations": {"executed_lines": [], "summary": {"covered_lines": 0, "num_statements": 21, "percent_covered": 0.0, "percent_covered_display": "0", "missing_lines": 21, "excluded_lines": 0, "percent_statements_covered": 0.0, "percent_statements_covered_display": "0"}, "missing_lines": [26, 27, 29, 30, 31, 32, 34, 36, 37, 38, 41, 56, 58, 61, 62, 63, 64, 67, 68, 69, 79], "excluded_lines": [], "start_line": 9}, "serialize_chat_sources": {"executed_lines": [], "summary": {"covered_lines": 0, "num_statements": 36, "percent_covered": 0.0, "percent_covered_display": "0", "missing_lines": 36, "excluded_lines": 0, "percent_statements_covered": 0.0, "percent_statements_covered_display": "0"}, "missing_lines": [89, 90, 91, 93, 94, 95, 97, 98, 100, 101, 102, 104, 105, 107, 108, 109, 110, 111, 112, 114, 115, 116, 118, 119, 120, 121, 122, 124, 126, 127, 128, 129, 130, 131, 133, 135], "excluded_lines": [], "start_line": 82}, "serialize_web_sources": {"executed_lines": [], "summary": {"covered_lines": 0, "num_statements": 34, "percent_covered": 0.0, "percent_covered_display": "0", "missing_lines": 34, "excluded_lines": 0, "percent_statements_covered": 0.0, "percent_statements_covered_display": "0"}, "missing_lines": [145, 146, 147, 149, 150, 151, 153, 154, 156, 157, 158, 160, 161, 162, 163, 165, 166, 167, 168, 170, 171, 172, 173, 174, 175, 177, 179, 180, 181, 182, 183, 184, 186, 188], "excluded_lines": [], "start_line": 138}, "": {"executed_lines": [], "summary": {"covered_lines": 0, "num_statements": 7, "percent_covered": 0.0, "percent_covered_display": "0", "missing_lines": 7, "excluded_lines": 0, "percent_statements_covered": 0.0, "percent_statements_covered_display": "0"}, "missing_lines": [1, 3, 4, 6, 9, 82, 138], "excluded_lines": [], "start_line": 1}}, "classes": {"": {"executed_lines": [], "summary": {"covered_lines": 0, "num_statements": 98, "percent_covered": 0.0, "percent_covered_display": "0", "missing_lines": 98, "excluded_lines": 0, "percent_statements_covered": 0.0, "percent_statements_covered_display": "0"}, "missing_lines": [1, 3, 4, 6, 9, 26, 27, 29, 30, 31, 32, 34, 36, 37, 38, 41, 56, 58, 61, 62, 63, 64, 67, 68, 69, 79, 82, 89, 90, 91, 93, 94, 95, 97, 98, 100, 101, 102, 104, 105, 107, 108, 109, 110, 111, 112, 114, 115, 116, 118, 119, 120, 121, 122, 124, 126, 127, 128, 129, 130, 131, 133, 135, 138, 145, 146, 147, 149, 150, 151, 153, 154, 156, 157, 158, 160, 161, 162, 163, 165, 166, 167, 168, 170, 171, 172, 173, 174, 175, 177, 179, 180, 181, 182, 183, 184, 186, 188], "excluded_lines": [], "start_line": 1}}}, "api\\dependencies.py": {"executed_lines": [1, 3, 4, 5, 6, 8, 9, 10, 11, 13, 14, 15, 16, 17, 18, 19, 20, 21, 22, 23, 24, 33, 35, 36, 41, 42, 48, 49, 68, 75, 76, 107, 161, 191, 219, 289, 366, 376, 382, 383, 386, 392, 395, 400, 408, 518, 531, 608, 631, 642, 648, 655, 656, 674, 684, 687, 711, 726, 736, 737, 740, 751, 762], "summary": {"covered_lines": 63, "num_statements": 343, "percent_covered": 18.367346938775512, "percent_covered_display": "18", "missing_lines": 280, "excluded_lines": 6, "percent_statements_covered": 18.367346938775512, "percent_statements_covered_display": "18"}, "missing_lines": [37, 38, 39, 43, 44, 45, 54, 55, 56, 57, 62, 63, 64, 65, 69, 72, 79, 80, 82, 83, 84, 86, 87, 88, 89, 92, 93, 95, 96, 97, 99, 104, 126, 128, 129, 130, 132, 133, 134, 136, 137, 138, 139, 142, 143, 145, 146, 147, 149, 154, 158, 172, 182, 183, 184, 186, 187, 188, 199, 209, 210, 211, 213, 214, 216, 242, 245, 248, 251, 252, 253, 254, 255, 257, 258, 259, 261, 262, 264, 270, 275, 277, 278, 283, 284, 297, 298, 300, 301, 302, 303, 304, 305, 306, 307, 308, 310, 311, 314, 315, 317, 319, 324, 325, 326, 327, 328, 329, 332, 333, 336, 337, 340, 341, 345, 346, 347, 348, 349, 350, 351, 352, 353, 354, 355, 356, 357, 358, 359, 360, 361, 369, 370, 371, 372, 373, 431, 432, 435, 436, 437, 438, 439, 441, 442, 443, 444, 445, 446, 447, 453, 454, 457, 458, 459, 460, 461, 462, 463, 469, 470, 473, 474, 475, 476, 477, 478, 486, 487, 488, 490, 491, 492, 494, 495, 496, 497, 498, 503, 504, 505, 506, 507, 508, 509, 510, 511, 513, 524, 525, 526, 527, 528, 537, 538, 540, 541, 542, 543, 544, 545, 546, 547, 548, 550, 555, 556, 557, 560, 561, 562, 564, 565, 569, 570, 571, 572, 573, 574, 580, 582, 583, 584, 588, 589, 590, 591, 592, 593, 594, 595, 596, 600, 601, 602, 604, 605, 615, 616, 618, 619, 623, 635, 643, 644, 645, 649, 650, 651, 652, 661, 662, 663, 664, 668, 669, 670, 671, 675, 676, 677, 693, 694, 696, 697, 699, 708, 721, 723, 727, 728, 729, 746, 748, 757, 759, 769, 774, 776, 777], "excluded_lines": [26, 27, 28, 29, 30, 31], "functions": {"get_vector_store": {"executed_lines": [], "summary": {"covered_lines": 0, "num_statements": 8, "percent_covered": 0.0, "percent_covered_display": "0", "missing_lines": 8, "excluded_lines": 0, "percent_statements_covered": 0.0, "percent_statements_covered_display": "0"}, "missing_lines": [54, 55, 56, 57, 62, 63, 64, 65], "excluded_lines": [], "start_line": 49}, "_create_llm": {"executed_lines": [], "summary": {"covered_lines": 0, "num_statements": 2, "percent_covered": 0.0, "percent_covered_display": "0", "missing_lines": 2, "excluded_lines": 0, "percent_statements_covered": 0.0, "percent_statements_covered_display": "0"}, "missing_lines": [69, 72], "excluded_lines": [], "start_line": 68}, "_create_llm_with_resolved_model_id": {"executed_lines": [], "summary": {"covered_lines": 0, "num_statements": 16, "percent_covered": 0.0, "percent_covered_display": "0", "missing_lines": 16, "excluded_lines": 0, "percent_statements_covered": 0.0, "percent_statements_covered_display": "0"}, "missing_lines": [79, 80, 82, 83, 84, 86, 87, 88, 89, 92, 93, 95, 96, 97, 99, 104], "excluded_lines": [], "start_line": 76}, "_create_llm_with_api_key": {"executed_lines": [], "summary": {"covered_lines": 0, "num_statements": 19, "percent_covered": 0.0, "percent_covered_display": "0", "missing_lines": 19, "excluded_lines": 0, "percent_statements_covered": 0.0, "percent_statements_covered_display": "0"}, "missing_lines": [126, 128, 129, 130, 132, 133, 134, 136, 137, 138, 139, 142, 143, 145, 146, 147, 149, 154, 158], "excluded_lines": [], "start_line": 107}, "_set_provider_api_key": {"executed_lines": [], "summary": {"covered_lines": 0, "num_statements": 7, "percent_covered": 0.0, "percent_covered_display": "0", "missing_lines": 7, "excluded_lines": 0, "percent_statements_covered": 0.0, "percent_statements_covered_display": "0"}, "missing_lines": [172, 182, 183, 184, 186, 187, 188], "excluded_lines": [], "start_line": 161}, "_restore_provider_api_key": {"executed_lines": [], "summary": {"covered_lines": 0, "num_statements": 7, "percent_covered": 0.0, "percent_covered_display": "0", "missing_lines": 7, "excluded_lines": 0, "percent_statements_covered": 0.0, "percent_statements_covered_display": "0"}, "missing_lines": [199, 209, 210, 211, 213, 214, 216], "excluded_lines": [], "start_line": 191}, "_create_llm_with_multi_key_fallback": {"executed_lines": [], "summary": {"covered_lines": 0, "num_statements": 18, "percent_covered": 0.0, "percent_covered_display": "0", "missing_lines": 18, "excluded_lines": 0, "percent_statements_covered": 0.0, "percent_statements_covered_display": "0"}, "missing_lines": [242, 245, 248, 251, 252, 253, 254, 255, 257, 258, 259, 261, 262, 264, 277, 278, 283, 284], "excluded_lines": [], "start_line": 219}, "_create_llm_with_multi_key_fallback.create_llm_with_key": {"executed_lines": [], "summary": {"covered_lines": 0, "num_statements": 2, "percent_covered": 0.0, "percent_covered_display": "0", "missing_lines": 2, "excluded_lines": 0, "percent_statements_covered": 0.0, "percent_statements_covered_display": "0"}, "missing_lines": [270, 275], "excluded_lines": [], "start_line": 264}, "get_llm": {"executed_lines": [], "summary": {"covered_lines": 0, "num_statements": 46, "percent_covered": 0.0, "percent_covered_display": "0", "missing_lines": 46, "excluded_lines": 0, "percent_statements_covered": 0.0, "percent_statements_covered_display": "0"}, "missing_lines": [297, 298, 300, 301, 302, 303, 304, 305, 306, 307, 308, 310, 311, 314, 315, 317, 319, 324, 325, 326, 327, 328, 329, 332, 333, 336, 337, 340, 341, 345, 346, 347, 348, 349, 350, 351, 352, 353, 354, 355, 356, 357, 358, 359, 360, 361], "excluded_lines": [], "start_line": 289}, "get_optional_llm": {"executed_lines": [], "summary": {"covered_lines": 0, "num_statements": 5, "percent_covered": 0.0, "percent_covered_display": "0", "missing_lines": 5, "excluded_lines": 0, "percent_statements_covered": 0.0, "percent_statements_covered_display": "0"}, "missing_lines": [369, 370, 371, 372, 373], "excluded_lines": [], "start_line": 366}, "clear_llm_cache": {"executed_lines": [382, 383], "summary": {"covered_lines": 2, "num_statements": 2, "percent_covered": 100.0, "percent_covered_display": "100", "missing_lines": 0, "excluded_lines": 0, "percent_statements_covered": 100.0, "percent_statements_covered_display": "100"}, "missing_lines": [], "excluded_lines": [], "start_line": 376}, "clear_vector_store_cache": {"executed_lines": [392], "summary": {"covered_lines": 1, "num_statements": 1, "percent_covered": 100.0, "percent_covered_display": "100", "missing_lines": 0, "excluded_lines": 0, "percent_statements_covered": 100.0, "percent_statements_covered_display": "100"}, "missing_lines": [], "excluded_lines": [], "start_line": 386}, "clear_knowledge_store_cache": {"executed_lines": [400], "summary": {"covered_lines": 1, "num_statements": 1, "percent_covered": 100.0, "percent_covered_display": "100", "missing_lines": 0, "excluded_lines": 0, "percent_statements_covered": 100.0, "percent_statements_covered_display": "100"}, "missing_lines": [], "excluded_lines": [], "start_line": 395}, "get_llm_for_task": {"executed_lines": [], "summary": {"covered_lines": 0, "num_statements": 52, "percent_covered": 0.0, "percent_covered_display": "0", "missing_lines": 52, "excluded_lines": 0, "percent_statements_covered": 0.0, "percent_statements_covered_display": "0"}, "missing_lines": [431, 432, 435, 436, 437, 438, 439, 441, 442, 443, 444, 445, 446, 447, 453, 454, 457, 458, 459, 460, 461, 462, 463, 469, 470, 473, 474, 475, 476, 477, 478, 486, 487, 488, 490, 491, 492, 494, 495, 496, 497, 498, 503, 504, 505, 506, 507, 508, 509, 510, 511, 513], "excluded_lines": [], "start_line": 408}, "get_optional_llm_for_task": {"executed_lines": [], "summary": {"covered_lines": 0, "num_statements": 5, "percent_covered": 0.0, "percent_covered_display": "0", "missing_lines": 5, "excluded_lines": 0, "percent_statements_covered": 0.0, "percent_statements_covered_display": "0"}, "missing_lines": [524, 525, 526, 527, 528], "excluded_lines": [], "start_line": 518}, "get_optional_llm_with_details": {"executed_lines": [], "summary": {"covered_lines": 0, "num_statements": 44, "percent_covered": 0.0, "percent_covered_display": "0", "missing_lines": 44, "excluded_lines": 0, "percent_statements_covered": 0.0, "percent_statements_covered_display": "0"}, "missing_lines": [537, 538, 540, 541, 542, 543, 544, 545, 546, 547, 548, 550, 555, 556, 557, 560, 561, 562, 564, 565, 569, 570, 571, 572, 573, 574, 580, 582, 583, 584, 588, 589, 590, 591, 592, 593, 594, 595, 596, 600, 601, 602, 604, 605], "excluded_lines": [], "start_line": 531}, "parse_rag_qa_request": {"executed_lines": [], "summary": {"covered_lines": 0, "num_statements": 5, "percent_covered": 0.0, "percent_covered_display": "0", "missing_lines": 5, "excluded_lines": 0, "percent_statements_covered": 0.0, "percent_statements_covered_display": "0"}, "missing_lines": [615, 616, 618, 619, 623], "excluded_lines": [], "start_line": 608}, "get_rag_qa_llm_details": {"executed_lines": [], "summary": {"covered_lines": 0, "num_statements": 1, "percent_covered": 0.0, "percent_covered_display": "0", "missing_lines": 1, "excluded_lines": 0, "percent_statements_covered": 0.0, "percent_statements_covered_display": "0"}, "missing_lines": [635], "excluded_lines": [], "start_line": 631}, "get_valuation_provider": {"executed_lines": [], "summary": {"covered_lines": 0, "num_statements": 3, "percent_covered": 0.0, "percent_covered_display": "0", "missing_lines": 3, "excluded_lines": 0, "percent_statements_covered": 0.0, "percent_statements_covered_display": "0"}, "missing_lines": [643, 644, 645], "excluded_lines": [], "start_line": 642}, "get_crm_connector": {"executed_lines": [], "summary": {"covered_lines": 0, "num_statements": 4, "percent_covered": 0.0, "percent_covered_display": "0", "missing_lines": 4, "excluded_lines": 0, "percent_statements_covered": 0.0, "percent_statements_covered_display": "0"}, "missing_lines": [649, 650, 651, 652], "excluded_lines": [], "start_line": 648}, "get_knowledge_store": {"executed_lines": [], "summary": {"covered_lines": 0, "num_statements": 8, "percent_covered": 0.0, "percent_covered_display": "0", "missing_lines": 8, "excluded_lines": 0, "percent_statements_covered": 0.0, "percent_statements_covered_display": "0"}, "missing_lines": [661, 662, 663, 664, 668, 669, 670, 671], "excluded_lines": [], "start_line": 656}, "get_data_enrichment_service": {"executed_lines": [], "summary": {"covered_lines": 0, "num_statements": 3, "percent_covered": 0.0, "percent_covered_display": "0", "missing_lines": 3, "excluded_lines": 0, "percent_statements_covered": 0.0, "percent_statements_covered_display": "0"}, "missing_lines": [675, 676, 677], "excluded_lines": [], "start_line": 674}, "get_enrichment_pipeline": {"executed_lines": [], "summary": {"covered_lines": 0, "num_statements": 6, "percent_covered": 0.0, "percent_covered_display": "0", "missing_lines": 6, "excluded_lines": 0, "percent_statements_covered": 0.0, "percent_statements_covered_display": "0"}, "missing_lines": [693, 694, 696, 697, 699, 708], "excluded_lines": [], "start_line": 687}, "get_enrichment_status": {"executed_lines": [], "summary": {"covered_lines": 0, "num_statements": 2, "percent_covered": 0.0, "percent_covered_display": "0", "missing_lines": 2, "excluded_lines": 0, "percent_statements_covered": 0.0, "percent_statements_covered_display": "0"}, "missing_lines": [721, 723], "excluded_lines": [], "start_line": 711}, "get_legal_check_service": {"executed_lines": [], "summary": {"covered_lines": 0, "num_statements": 3, "percent_covered": 0.0, "percent_covered_display": "0", "missing_lines": 3, "excluded_lines": 0, "percent_statements_covered": 0.0, "percent_statements_covered_display": "0"}, "missing_lines": [727, 728, 729], "excluded_lines": [], "start_line": 726}, "get_esignature_service": {"executed_lines": [], "summary": {"covered_lines": 0, "num_statements": 2, "percent_covered": 0.0, "percent_covered_display": "0", "missing_lines": 2, "excluded_lines": 0, "percent_statements_covered": 0.0, "percent_statements_covered_display": "0"}, "missing_lines": [746, 748], "excluded_lines": [], "start_line": 740}, "get_template_service": {"executed_lines": [], "summary": {"covered_lines": 0, "num_statements": 2, "percent_covered": 0.0, "percent_covered_display": "0", "missing_lines": 2, "excluded_lines": 0, "percent_statements_covered": 0.0, "percent_statements_covered_display": "0"}, "missing_lines": [757, 759], "excluded_lines": [], "start_line": 751}, "get_agent": {"executed_lines": [], "summary": {"covered_lines": 0, "num_statements": 4, "percent_covered": 0.0, "percent_covered_display": "0", "missing_lines": 4, "excluded_lines": 0, "percent_statements_covered": 0.0, "percent_statements_covered_display": "0"}, "missing_lines": [769, 774, 776, 777], "excluded_lines": [], "start_line": 762}, "": {"executed_lines": [1, 3, 4, 5, 6, 8, 9, 10, 11, 13, 14, 15, 16, 17, 18, 19, 20, 21, 22, 23, 24, 33, 35, 36, 41, 42, 48, 49, 68, 75, 76, 107, 161, 191, 219, 289, 366, 376, 386, 395, 408, 518, 531, 608, 631, 642, 648, 655, 656, 674, 684, 687, 711, 726, 736, 737, 740, 751, 762], "summary": {"covered_lines": 59, "num_statements": 65, "percent_covered": 90.76923076923077, "percent_covered_display": "91", "missing_lines": 6, "excluded_lines": 6, "percent_statements_covered": 90.76923076923077, "percent_statements_covered_display": "91"}, "missing_lines": [37, 38, 39, 43, 44, 45], "excluded_lines": [26, 27, 28, 29, 30, 31], "start_line": 1}}, "classes": {"": {"executed_lines": [1, 3, 4, 5, 6, 8, 9, 10, 11, 13, 14, 15, 16, 17, 18, 19, 20, 21, 22, 23, 24, 33, 35, 36, 41, 42, 48, 49, 68, 75, 76, 107, 161, 191, 219, 289, 366, 376, 382, 383, 386, 392, 395, 400, 408, 518, 531, 608, 631, 642, 648, 655, 656, 674, 684, 687, 711, 726, 736, 737, 740, 751, 762], "summary": {"covered_lines": 63, "num_statements": 343, "percent_covered": 18.367346938775512, "percent_covered_display": "18", "missing_lines": 280, "excluded_lines": 6, "percent_statements_covered": 18.367346938775512, "percent_statements_covered_display": "18"}, "missing_lines": [37, 38, 39, 43, 44, 45, 54, 55, 56, 57, 62, 63, 64, 65, 69, 72, 79, 80, 82, 83, 84, 86, 87, 88, 89, 92, 93, 95, 96, 97, 99, 104, 126, 128, 129, 130, 132, 133, 134, 136, 137, 138, 139, 142, 143, 145, 146, 147, 149, 154, 158, 172, 182, 183, 184, 186, 187, 188, 199, 209, 210, 211, 213, 214, 216, 242, 245, 248, 251, 252, 253, 254, 255, 257, 258, 259, 261, 262, 264, 270, 275, 277, 278, 283, 284, 297, 298, 300, 301, 302, 303, 304, 305, 306, 307, 308, 310, 311, 314, 315, 317, 319, 324, 325, 326, 327, 328, 329, 332, 333, 336, 337, 340, 341, 345, 346, 347, 348, 349, 350, 351, 352, 353, 354, 355, 356, 357, 358, 359, 360, 361, 369, 370, 371, 372, 373, 431, 432, 435, 436, 437, 438, 439, 441, 442, 443, 444, 445, 446, 447, 453, 454, 457, 458, 459, 460, 461, 462, 463, 469, 470, 473, 474, 475, 476, 477, 478, 486, 487, 488, 490, 491, 492, 494, 495, 496, 497, 498, 503, 504, 505, 506, 507, 508, 509, 510, 511, 513, 524, 525, 526, 527, 528, 537, 538, 540, 541, 542, 543, 544, 545, 546, 547, 548, 550, 555, 556, 557, 560, 561, 562, 564, 565, 569, 570, 571, 572, 573, 574, 580, 582, 583, 584, 588, 589, 590, 591, 592, 593, 594, 595, 596, 600, 601, 602, 604, 605, 615, 616, 618, 619, 623, 635, 643, 644, 645, 649, 650, 651, 652, 661, 662, 663, 664, 668, 669, 670, 671, 675, 676, 677, 693, 694, 696, 697, 699, 708, 721, 723, 727, 728, 729, 746, 748, 757, 759, 769, 774, 776, 777], "excluded_lines": [26, 27, 28, 29, 30, 31], "start_line": 1}}}, "api\\deps\\__init__.py": {"executed_lines": [], "summary": {"covered_lines": 0, "num_statements": 2, "percent_covered": 0.0, "percent_covered_display": "0", "missing_lines": 2, "excluded_lines": 0, "percent_statements_covered": 0.0, "percent_statements_covered_display": "0"}, "missing_lines": [3, 10], "excluded_lines": [], "functions": {"": {"executed_lines": [], "summary": {"covered_lines": 0, "num_statements": 2, "percent_covered": 0.0, "percent_covered_display": "0", "missing_lines": 2, "excluded_lines": 0, "percent_statements_covered": 0.0, "percent_statements_covered_display": "0"}, "missing_lines": [3, 10], "excluded_lines": [], "start_line": 1}}, "classes": {"": {"executed_lines": [], "summary": {"covered_lines": 0, "num_statements": 2, "percent_covered": 0.0, "percent_covered_display": "0", "missing_lines": 2, "excluded_lines": 0, "percent_statements_covered": 0.0, "percent_statements_covered_display": "0"}, "missing_lines": [3, 10], "excluded_lines": [], "start_line": 1}}}, "api\\deps\\auth.py": {"executed_lines": [], "summary": {"covered_lines": 0, "num_statements": 132, "percent_covered": 0.0, "percent_covered_display": "0", "missing_lines": 132, "excluded_lines": 0, "percent_statements_covered": 0.0, "percent_statements_covered_display": "0"}, "missing_lines": [3, 5, 6, 7, 8, 10, 11, 12, 13, 14, 15, 18, 21, 25, 32, 33, 34, 35, 36, 38, 40, 42, 44, 46, 47, 48, 49, 50, 53, 54, 56, 58, 59, 60, 61, 63, 65, 67, 69, 71, 73, 76, 93, 94, 95, 96, 101, 102, 108, 109, 110, 116, 117, 118, 119, 125, 128, 141, 142, 145, 146, 148, 151, 170, 172, 173, 179, 182, 183, 185, 186, 187, 189, 192, 208, 210, 211, 213, 214, 217, 231, 232, 236, 239, 253, 256, 257, 259, 260, 264, 267, 282, 284, 285, 287, 288, 289, 290, 291, 294, 309, 311, 312, 318, 320, 321, 326, 329, 337, 340, 341, 342, 346, 348, 351, 359, 362, 363, 366, 367, 370, 371, 375, 377, 380, 389, 393, 394, 396, 397, 401, 403], "excluded_lines": [], "functions": {"AuthCredentials.__init__": {"executed_lines": [], "summary": {"covered_lines": 0, "num_statements": 7, "percent_covered": 0.0, "percent_covered_display": "0", "missing_lines": 7, "excluded_lines": 0, "percent_statements_covered": 0.0, "percent_statements_covered_display": "0"}, "missing_lines": [33, 34, 35, 36, 38, 40, 42], "excluded_lines": [], "start_line": 32}, "AuthCredentials._map_roles": {"executed_lines": [], "summary": {"covered_lines": 0, "num_statements": 7, "percent_covered": 0.0, "percent_covered_display": "0", "missing_lines": 7, "excluded_lines": 0, "percent_statements_covered": 0.0, "percent_statements_covered_display": "0"}, "missing_lines": [46, 47, 48, 49, 50, 53, 54], "excluded_lines": [], "start_line": 44}, "AuthCredentials._get_permissions": {"executed_lines": [], "summary": {"covered_lines": 0, "num_statements": 4, "percent_covered": 0.0, "percent_covered_display": "0", "missing_lines": 4, "excluded_lines": 0, "percent_statements_covered": 0.0, "percent_statements_covered_display": "0"}, "missing_lines": [58, 59, 60, 61], "excluded_lines": [], "start_line": 56}, "AuthCredentials.has_role": {"executed_lines": [], "summary": {"covered_lines": 0, "num_statements": 1, "percent_covered": 0.0, "percent_covered_display": "0", "missing_lines": 1, "excluded_lines": 0, "percent_statements_covered": 0.0, "percent_statements_covered_display": "0"}, "missing_lines": [65], "excluded_lines": [], "start_line": 63}, "AuthCredentials.has_permission": {"executed_lines": [], "summary": {"covered_lines": 0, "num_statements": 1, "percent_covered": 0.0, "percent_covered_display": "0", "missing_lines": 1, "excluded_lines": 0, "percent_statements_covered": 0.0, "percent_statements_covered_display": "0"}, "missing_lines": [69], "excluded_lines": [], "start_line": 67}, "AuthCredentials.is_admin": {"executed_lines": [], "summary": {"covered_lines": 0, "num_statements": 1, "percent_covered": 0.0, "percent_covered_display": "0", "missing_lines": 1, "excluded_lines": 0, "percent_statements_covered": 0.0, "percent_statements_covered_display": "0"}, "missing_lines": [73], "excluded_lines": [], "start_line": 71}, "_get_user_from_token": {"executed_lines": [], "summary": {"covered_lines": 0, "num_statements": 14, "percent_covered": 0.0, "percent_covered_display": "0", "missing_lines": 14, "excluded_lines": 0, "percent_statements_covered": 0.0, "percent_statements_covered_display": "0"}, "missing_lines": [93, 94, 95, 96, 101, 102, 108, 109, 110, 116, 117, 118, 119, 125], "excluded_lines": [], "start_line": 76}, "_extract_token": {"executed_lines": [], "summary": {"covered_lines": 0, "num_statements": 5, "percent_covered": 0.0, "percent_covered_display": "0", "missing_lines": 5, "excluded_lines": 0, "percent_statements_covered": 0.0, "percent_statements_covered_display": "0"}, "missing_lines": [141, 142, 145, 146, 148], "excluded_lines": [], "start_line": 128}, "get_current_user": {"executed_lines": [], "summary": {"covered_lines": 0, "num_statements": 10, "percent_covered": 0.0, "percent_covered_display": "0", "missing_lines": 10, "excluded_lines": 0, "percent_statements_covered": 0.0, "percent_statements_covered_display": "0"}, "missing_lines": [170, 172, 173, 179, 182, 183, 185, 186, 187, 189], "excluded_lines": [], "start_line": 151}, "get_current_user_optional": {"executed_lines": [], "summary": {"covered_lines": 0, "num_statements": 5, "percent_covered": 0.0, "percent_covered_display": "0", "missing_lines": 5, "excluded_lines": 0, "percent_statements_covered": 0.0, "percent_statements_covered_display": "0"}, "missing_lines": [208, 210, 211, 213, 214], "excluded_lines": [], "start_line": 192}, "get_current_active_user": {"executed_lines": [], "summary": {"covered_lines": 0, "num_statements": 3, "percent_covered": 0.0, "percent_covered_display": "0", "missing_lines": 3, "excluded_lines": 0, "percent_statements_covered": 0.0, "percent_statements_covered_display": "0"}, "missing_lines": [231, 232, 236], "excluded_lines": [], "start_line": 217}, "get_current_verified_user": {"executed_lines": [], "summary": {"covered_lines": 0, "num_statements": 6, "percent_covered": 0.0, "percent_covered_display": "0", "missing_lines": 6, "excluded_lines": 0, "percent_statements_covered": 0.0, "percent_statements_covered_display": "0"}, "missing_lines": [253, 256, 257, 259, 260, 264], "excluded_lines": [], "start_line": 239}, "get_optional_user": {"executed_lines": [], "summary": {"covered_lines": 0, "num_statements": 8, "percent_covered": 0.0, "percent_covered_display": "0", "missing_lines": 8, "excluded_lines": 0, "percent_statements_covered": 0.0, "percent_statements_covered_display": "0"}, "missing_lines": [282, 284, 285, 287, 288, 289, 290, 291], "excluded_lines": [], "start_line": 267}, "get_auth_credentials": {"executed_lines": [], "summary": {"covered_lines": 0, "num_statements": 7, "percent_covered": 0.0, "percent_covered_display": "0", "missing_lines": 7, "excluded_lines": 0, "percent_statements_covered": 0.0, "percent_statements_covered_display": "0"}, "missing_lines": [309, 311, 312, 318, 320, 321, 326], "excluded_lines": [], "start_line": 294}, "require_role": {"executed_lines": [], "summary": {"covered_lines": 0, "num_statements": 2, "percent_covered": 0.0, "percent_covered_display": "0", "missing_lines": 2, "excluded_lines": 0, "percent_statements_covered": 0.0, "percent_statements_covered_display": "0"}, "missing_lines": [337, 348], "excluded_lines": [], "start_line": 329}, "require_role.role_checker": {"executed_lines": [], "summary": {"covered_lines": 0, "num_statements": 4, "percent_covered": 0.0, "percent_covered_display": "0", "missing_lines": 4, "excluded_lines": 0, "percent_statements_covered": 0.0, "percent_statements_covered_display": "0"}, "missing_lines": [340, 341, 342, 346], "excluded_lines": [], "start_line": 337}, "require_roles": {"executed_lines": [], "summary": {"covered_lines": 0, "num_statements": 2, "percent_covered": 0.0, "percent_covered_display": "0", "missing_lines": 2, "excluded_lines": 0, "percent_statements_covered": 0.0, "percent_statements_covered_display": "0"}, "missing_lines": [359, 377], "excluded_lines": [], "start_line": 351}, "require_roles.roles_checker": {"executed_lines": [], "summary": {"covered_lines": 0, "num_statements": 7, "percent_covered": 0.0, "percent_covered_display": "0", "missing_lines": 7, "excluded_lines": 0, "percent_statements_covered": 0.0, "percent_statements_covered_display": "0"}, "missing_lines": [362, 363, 366, 367, 370, 371, 375], "excluded_lines": [], "start_line": 359}, "require_permission": {"executed_lines": [], "summary": {"covered_lines": 0, "num_statements": 2, "percent_covered": 0.0, "percent_covered_display": "0", "missing_lines": 2, "excluded_lines": 0, "percent_statements_covered": 0.0, "percent_statements_covered_display": "0"}, "missing_lines": [389, 403], "excluded_lines": [], "start_line": 380}, "require_permission.permission_checker": {"executed_lines": [], "summary": {"covered_lines": 0, "num_statements": 5, "percent_covered": 0.0, "percent_covered_display": "0", "missing_lines": 5, "excluded_lines": 0, "percent_statements_covered": 0.0, "percent_statements_covered_display": "0"}, "missing_lines": [393, 394, 396, 397, 401], "excluded_lines": [], "start_line": 389}, "": {"executed_lines": [], "summary": {"covered_lines": 0, "num_statements": 31, "percent_covered": 0.0, "percent_covered_display": "0", "missing_lines": 31, "excluded_lines": 0, "percent_statements_covered": 0.0, "percent_statements_covered_display": "0"}, "missing_lines": [3, 5, 6, 7, 8, 10, 11, 12, 13, 14, 15, 18, 21, 25, 32, 44, 56, 63, 67, 71, 76, 128, 151, 192, 217, 239, 267, 294, 329, 351, 380], "excluded_lines": [], "start_line": 1}}, "classes": {"AuthCredentials": {"executed_lines": [], "summary": {"covered_lines": 0, "num_statements": 21, "percent_covered": 0.0, "percent_covered_display": "0", "missing_lines": 21, "excluded_lines": 0, "percent_statements_covered": 0.0, "percent_statements_covered_display": "0"}, "missing_lines": [33, 34, 35, 36, 38, 40, 42, 46, 47, 48, 49, 50, 53, 54, 58, 59, 60, 61, 65, 69, 73], "excluded_lines": [], "start_line": 21}, "": {"executed_lines": [], "summary": {"covered_lines": 0, "num_statements": 111, "percent_covered": 0.0, "percent_covered_display": "0", "missing_lines": 111, "excluded_lines": 0, "percent_statements_covered": 0.0, "percent_statements_covered_display": "0"}, "missing_lines": [3, 5, 6, 7, 8, 10, 11, 12, 13, 14, 15, 18, 21, 25, 32, 44, 56, 63, 67, 71, 76, 93, 94, 95, 96, 101, 102, 108, 109, 110, 116, 117, 118, 119, 125, 128, 141, 142, 145, 146, 148, 151, 170, 172, 173, 179, 182, 183, 185, 186, 187, 189, 192, 208, 210, 211, 213, 214, 217, 231, 232, 236, 239, 253, 256, 257, 259, 260, 264, 267, 282, 284, 285, 287, 288, 289, 290, 291, 294, 309, 311, 312, 318, 320, 321, 326, 329, 337, 340, 341, 342, 346, 348, 351, 359, 362, 363, 366, 367, 370, 371, 375, 377, 380, 389, 393, 394, 396, 397, 401, 403], "excluded_lines": [], "start_line": 1}}}, "api\\health.py": {"executed_lines": [], "summary": {"covered_lines": 0, "num_statements": 161, "percent_covered": 0.0, "percent_covered_display": "0", "missing_lines": 161, "excluded_lines": 0, "percent_statements_covered": 0.0, "percent_statements_covered_display": "0"}, "missing_lines": [13, 14, 15, 16, 17, 18, 19, 21, 23, 24, 25, 27, 30, 33, 34, 35, 38, 39, 45, 46, 49, 50, 58, 62, 65, 72, 73, 74, 75, 76, 86, 89, 91, 92, 93, 100, 106, 107, 114, 115, 116, 124, 131, 132, 133, 135, 136, 138, 140, 141, 142, 144, 145, 151, 152, 158, 159, 160, 168, 175, 176, 179, 180, 181, 182, 183, 184, 185, 186, 187, 188, 189, 192, 193, 194, 195, 197, 198, 199, 200, 201, 203, 204, 206, 208, 209, 217, 229, 236, 237, 239, 240, 241, 243, 244, 246, 248, 249, 250, 252, 253, 259, 260, 261, 269, 276, 278, 279, 282, 288, 289, 292, 298, 299, 302, 308, 309, 311, 312, 314, 317, 327, 328, 330, 332, 340, 341, 342, 343, 344, 345, 346, 349, 350, 351, 352, 353, 354, 355, 356, 357, 363, 369, 373, 374, 376, 377, 378, 379, 381, 384, 386, 395, 407, 409, 411, 417, 419, 421, 422, 423], "excluded_lines": [], "functions": {"check_vector_store": {"executed_lines": [], "summary": {"covered_lines": 0, "num_statements": 16, "percent_covered": 0.0, "percent_covered_display": "0", "missing_lines": 16, "excluded_lines": 0, "percent_statements_covered": 0.0, "percent_statements_covered_display": "0"}, "missing_lines": [72, 73, 74, 75, 76, 86, 89, 91, 92, 93, 100, 106, 107, 114, 115, 116], "excluded_lines": [], "start_line": 65}, "check_redis": {"executed_lines": [], "summary": {"covered_lines": 0, "num_statements": 16, "percent_covered": 0.0, "percent_covered_display": "0", "missing_lines": 16, "excluded_lines": 0, "percent_statements_covered": 0.0, "percent_statements_covered_display": "0"}, "missing_lines": [131, 132, 133, 135, 136, 138, 140, 141, 142, 144, 145, 151, 152, 158, 159, 160], "excluded_lines": [], "start_line": 124}, "check_llm_provider": {"executed_lines": [], "summary": {"covered_lines": 0, "num_statements": 28, "percent_covered": 0.0, "percent_covered_display": "0", "missing_lines": 28, "excluded_lines": 0, "percent_statements_covered": 0.0, "percent_statements_covered_display": "0"}, "missing_lines": [175, 176, 179, 180, 181, 182, 183, 184, 185, 186, 187, 188, 189, 192, 193, 194, 195, 197, 198, 199, 200, 201, 203, 204, 206, 208, 209, 217], "excluded_lines": [], "start_line": 168}, "check_database": {"executed_lines": [], "summary": {"covered_lines": 0, "num_statements": 16, "percent_covered": 0.0, "percent_covered_display": "0", "missing_lines": 16, "excluded_lines": 0, "percent_statements_covered": 0.0, "percent_statements_covered_display": "0"}, "missing_lines": [236, 237, 239, 240, 241, 243, 244, 246, 248, 249, 250, 252, 253, 259, 260, 261], "excluded_lines": [], "start_line": 229}, "get_git_info": {"executed_lines": [], "summary": {"covered_lines": 0, "num_statements": 15, "percent_covered": 0.0, "percent_covered_display": "0", "missing_lines": 15, "excluded_lines": 0, "percent_statements_covered": 0.0, "percent_statements_covered_display": "0"}, "missing_lines": [276, 278, 279, 282, 288, 289, 292, 298, 299, 302, 308, 309, 311, 312, 314], "excluded_lines": [], "start_line": 269}, "get_health_status": {"executed_lines": [], "summary": {"covered_lines": 0, "num_statements": 31, "percent_covered": 0.0, "percent_covered_display": "0", "missing_lines": 31, "excluded_lines": 0, "percent_statements_covered": 0.0, "percent_statements_covered_display": "0"}, "missing_lines": [327, 328, 330, 332, 340, 341, 342, 343, 344, 345, 346, 349, 350, 351, 352, 353, 354, 355, 356, 357, 363, 369, 373, 374, 376, 377, 378, 379, 381, 384, 386], "excluded_lines": [], "start_line": 317}, "require_healthy": {"executed_lines": [], "summary": {"covered_lines": 0, "num_statements": 8, "percent_covered": 0.0, "percent_covered_display": "0", "missing_lines": 8, "excluded_lines": 0, "percent_statements_covered": 0.0, "percent_statements_covered_display": "0"}, "missing_lines": [407, 409, 411, 417, 419, 421, 422, 423], "excluded_lines": [], "start_line": 395}, "": {"executed_lines": [], "summary": {"covered_lines": 0, "num_statements": 31, "percent_covered": 0.0, "percent_covered_display": "0", "missing_lines": 31, "excluded_lines": 0, "percent_statements_covered": 0.0, "percent_statements_covered_display": "0"}, "missing_lines": [13, 14, 15, 16, 17, 18, 19, 21, 23, 24, 25, 27, 30, 33, 34, 35, 38, 39, 45, 46, 49, 50, 58, 62, 65, 124, 168, 229, 269, 317, 395], "excluded_lines": [], "start_line": 1}}, "classes": {"HealthStatus": {"executed_lines": [], "summary": {"covered_lines": 0, "num_statements": 0, "percent_covered": 100.0, "percent_covered_display": "100", "missing_lines": 0, "excluded_lines": 0, "percent_statements_covered": 100.0, "percent_statements_covered_display": "100"}, "missing_lines": [], "excluded_lines": [], "start_line": 30}, "DependencyHealth": {"executed_lines": [], "summary": {"covered_lines": 0, "num_statements": 0, "percent_covered": 100.0, "percent_covered_display": "100", "missing_lines": 0, "excluded_lines": 0, "percent_statements_covered": 100.0, "percent_statements_covered_display": "100"}, "missing_lines": [], "excluded_lines": [], "start_line": 39}, "HealthCheckResponse": {"executed_lines": [], "summary": {"covered_lines": 0, "num_statements": 0, "percent_covered": 100.0, "percent_covered_display": "100", "missing_lines": 0, "excluded_lines": 0, "percent_statements_covered": 100.0, "percent_statements_covered_display": "100"}, "missing_lines": [], "excluded_lines": [], "start_line": 50}, "": {"executed_lines": [], "summary": {"covered_lines": 0, "num_statements": 161, "percent_covered": 0.0, "percent_covered_display": "0", "missing_lines": 161, "excluded_lines": 0, "percent_statements_covered": 0.0, "percent_statements_covered_display": "0"}, "missing_lines": [13, 14, 15, 16, 17, 18, 19, 21, 23, 24, 25, 27, 30, 33, 34, 35, 38, 39, 45, 46, 49, 50, 58, 62, 65, 72, 73, 74, 75, 76, 86, 89, 91, 92, 93, 100, 106, 107, 114, 115, 116, 124, 131, 132, 133, 135, 136, 138, 140, 141, 142, 144, 145, 151, 152, 158, 159, 160, 168, 175, 176, 179, 180, 181, 182, 183, 184, 185, 186, 187, 188, 189, 192, 193, 194, 195, 197, 198, 199, 200, 201, 203, 204, 206, 208, 209, 217, 229, 236, 237, 239, 240, 241, 243, 244, 246, 248, 249, 250, 252, 253, 259, 260, 261, 269, 276, 278, 279, 282, 288, 289, 292, 298, 299, 302, 308, 309, 311, 312, 314, 317, 327, 328, 330, 332, 340, 341, 342, 343, 344, 345, 346, 349, 350, 351, 352, 353, 354, 355, 356, 357, 363, 369, 373, 374, 376, 377, 378, 379, 381, 384, 386, 395, 407, 409, 411, 417, 419, 421, 422, 423], "excluded_lines": [], "start_line": 1}}}, "api\\main.py": {"executed_lines": [], "summary": {"covered_lines": 0, "num_statements": 287, "percent_covered": 0.0, "percent_covered_display": "0", "missing_lines": 287, "excluded_lines": 0, "percent_statements_covered": 0.0, "percent_statements_covered_display": "0"}, "missing_lines": [1, 2, 3, 4, 5, 6, 7, 9, 15, 16, 17, 19, 20, 21, 22, 23, 24, 25, 26, 27, 28, 29, 65, 68, 71, 72, 78, 79, 84, 85, 86, 88, 89, 91, 94, 96, 98, 117, 175, 186, 188, 191, 192, 193, 194, 195, 196, 197, 200, 202, 205, 206, 208, 211, 214, 215, 218, 219, 222, 225, 228, 230, 231, 232, 233, 236, 237, 240, 241, 242, 243, 245, 246, 247, 248, 251, 252, 253, 254, 256, 257, 258, 259, 262, 263, 265, 266, 271, 279, 282, 283, 285, 286, 291, 292, 293, 294, 295, 298, 299, 300, 301, 302, 305, 308, 309, 310, 311, 312, 318, 321, 322, 323, 326, 327, 330, 331, 332, 339, 340, 341, 342, 343, 344, 347, 348, 349, 350, 351, 352, 353, 356, 357, 368, 369, 375, 376, 377, 378, 379, 380, 381, 382, 385, 386, 387, 388, 389, 390, 391, 394, 395, 396, 397, 398, 399, 402, 403, 404, 405, 408, 409, 410, 411, 412, 415, 416, 417, 418, 419, 420, 421, 424, 425, 426, 429, 430, 431, 432, 433, 434, 435, 436, 439, 440, 441, 442, 443, 444, 445, 446, 448, 449, 453, 463, 464, 465, 466, 467, 468, 469, 471, 473, 474, 475, 476, 477, 479, 481, 484, 485, 487, 489, 490, 492, 494, 495, 497, 499, 501, 503, 505, 507, 508, 510, 512, 514, 517, 519, 521, 523, 526, 527, 538, 541, 548, 549, 559, 560, 561, 564, 566, 567, 568, 569, 570, 572, 574, 577, 578, 583, 586, 587, 588, 592, 595, 596, 601, 604, 605, 609, 612, 613, 619, 621, 622, 623, 626, 627, 628, 630, 631, 634, 635, 636, 637, 638, 639, 640, 641, 642, 645, 646, 647, 648, 649, 651], "excluded_lines": [], "functions": {"startup_event": {"executed_lines": [], "summary": {"covered_lines": 0, "num_statements": 73, "percent_covered": 0.0, "percent_covered_display": "0", "missing_lines": 73, "excluded_lines": 0, "percent_statements_covered": 0.0, "percent_statements_covered_display": "0"}, "missing_lines": [222, 225, 228, 230, 231, 232, 233, 236, 237, 240, 241, 242, 243, 245, 246, 247, 248, 251, 252, 253, 254, 256, 257, 258, 259, 262, 263, 265, 266, 271, 279, 282, 283, 285, 286, 291, 292, 293, 294, 295, 298, 299, 300, 301, 302, 305, 308, 309, 310, 311, 312, 318, 321, 322, 323, 326, 327, 330, 331, 332, 339, 340, 341, 342, 343, 344, 347, 348, 349, 350, 351, 352, 353], "excluded_lines": [], "start_line": 219}, "shutdown_event": {"executed_lines": [], "summary": {"covered_lines": 0, "num_statements": 60, "percent_covered": 0.0, "percent_covered_display": "0", "missing_lines": 60, "excluded_lines": 0, "percent_statements_covered": 0.0, "percent_statements_covered_display": "0"}, "missing_lines": [368, 369, 375, 376, 377, 378, 379, 380, 381, 382, 385, 386, 387, 388, 389, 390, 391, 394, 395, 396, 397, 398, 399, 402, 403, 404, 405, 408, 409, 410, 411, 412, 415, 416, 417, 418, 419, 420, 421, 424, 425, 426, 429, 430, 431, 432, 433, 434, 435, 436, 439, 440, 441, 442, 443, 444, 445, 446, 448, 449], "excluded_lines": [], "start_line": 357}, "health_check": {"executed_lines": [], "summary": {"covered_lines": 0, "num_statements": 15, "percent_covered": 0.0, "percent_covered_display": "0", "missing_lines": 15, "excluded_lines": 0, "percent_statements_covered": 0.0, "percent_statements_covered_display": "0"}, "missing_lines": [538, 541, 548, 549, 559, 560, 561, 564, 566, 567, 568, 569, 570, 572, 574], "excluded_lines": [], "start_line": 527}, "readiness_check": {"executed_lines": [], "summary": {"covered_lines": 0, "num_statements": 5, "percent_covered": 0.0, "percent_covered_display": "0", "missing_lines": 5, "excluded_lines": 0, "percent_statements_covered": 0.0, "percent_statements_covered_display": "0"}, "missing_lines": [583, 586, 587, 588, 592], "excluded_lines": [], "start_line": 578}, "liveness_check": {"executed_lines": [], "summary": {"covered_lines": 0, "num_statements": 1, "percent_covered": 0.0, "percent_covered_display": "0", "missing_lines": 1, "excluded_lines": 0, "percent_statements_covered": 0.0, "percent_statements_covered_display": "0"}, "missing_lines": [601], "excluded_lines": [], "start_line": 596}, "verify_auth": {"executed_lines": [], "summary": {"covered_lines": 0, "num_statements": 1, "percent_covered": 0.0, "percent_covered_display": "0", "missing_lines": 1, "excluded_lines": 0, "percent_statements_covered": 0.0, "percent_statements_covered_display": "0"}, "missing_lines": [609], "excluded_lines": [], "start_line": 605}, "metrics_endpoint": {"executed_lines": [], "summary": {"covered_lines": 0, "num_statements": 24, "percent_covered": 0.0, "percent_covered_display": "0", "missing_lines": 24, "excluded_lines": 0, "percent_statements_covered": 0.0, "percent_statements_covered_display": "0"}, "missing_lines": [619, 621, 622, 623, 626, 627, 628, 630, 631, 634, 635, 636, 637, 638, 639, 640, 641, 642, 645, 646, 647, 648, 649, 651], "excluded_lines": [], "start_line": 613}, "": {"executed_lines": [], "summary": {"covered_lines": 0, "num_statements": 108, "percent_covered": 0.0, "percent_covered_display": "0", "missing_lines": 108, "excluded_lines": 0, "percent_statements_covered": 0.0, "percent_statements_covered_display": "0"}, "missing_lines": [1, 2, 3, 4, 5, 6, 7, 9, 15, 16, 17, 19, 20, 21, 22, 23, 24, 25, 26, 27, 28, 29, 65, 68, 71, 72, 78, 79, 84, 85, 86, 88, 89, 91, 94, 96, 98, 117, 175, 186, 188, 191, 192, 193, 194, 195, 196, 197, 200, 202, 205, 206, 208, 211, 214, 215, 218, 219, 356, 357, 453, 463, 464, 465, 466, 467, 468, 469, 471, 473, 474, 475, 476, 477, 479, 481, 484, 485, 487, 489, 490, 492, 494, 495, 497, 499, 501, 503, 505, 507, 508, 510, 512, 514, 517, 519, 521, 523, 526, 527, 577, 578, 595, 596, 604, 605, 612, 613], "excluded_lines": [], "start_line": 1}}, "classes": {"": {"executed_lines": [], "summary": {"covered_lines": 0, "num_statements": 287, "percent_covered": 0.0, "percent_covered_display": "0", "missing_lines": 287, "excluded_lines": 0, "percent_statements_covered": 0.0, "percent_statements_covered_display": "0"}, "missing_lines": [1, 2, 3, 4, 5, 6, 7, 9, 15, 16, 17, 19, 20, 21, 22, 23, 24, 25, 26, 27, 28, 29, 65, 68, 71, 72, 78, 79, 84, 85, 86, 88, 89, 91, 94, 96, 98, 117, 175, 186, 188, 191, 192, 193, 194, 195, 196, 197, 200, 202, 205, 206, 208, 211, 214, 215, 218, 219, 222, 225, 228, 230, 231, 232, 233, 236, 237, 240, 241, 242, 243, 245, 246, 247, 248, 251, 252, 253, 254, 256, 257, 258, 259, 262, 263, 265, 266, 271, 279, 282, 283, 285, 286, 291, 292, 293, 294, 295, 298, 299, 300, 301, 302, 305, 308, 309, 310, 311, 312, 318, 321, 322, 323, 326, 327, 330, 331, 332, 339, 340, 341, 342, 343, 344, 347, 348, 349, 350, 351, 352, 353, 356, 357, 368, 369, 375, 376, 377, 378, 379, 380, 381, 382, 385, 386, 387, 388, 389, 390, 391, 394, 395, 396, 397, 398, 399, 402, 403, 404, 405, 408, 409, 410, 411, 412, 415, 416, 417, 418, 419, 420, 421, 424, 425, 426, 429, 430, 431, 432, 433, 434, 435, 436, 439, 440, 441, 442, 443, 444, 445, 446, 448, 449, 453, 463, 464, 465, 466, 467, 468, 469, 471, 473, 474, 475, 476, 477, 479, 481, 484, 485, 487, 489, 490, 492, 494, 495, 497, 499, 501, 503, 505, 507, 508, 510, 512, 514, 517, 519, 521, 523, 526, 527, 538, 541, 548, 549, 559, 560, 561, 564, 566, 567, 568, 569, 570, 572, 574, 577, 578, 583, 586, 587, 588, 592, 595, 596, 601, 604, 605, 609, 612, 613, 619, 621, 622, 623, 626, 627, 628, 630, 631, 634, 635, 636, 637, 638, 639, 640, 641, 642, 645, 646, 647, 648, 649, 651], "excluded_lines": [], "start_line": 1}}}, "api\\middleware\\__init__.py": {"executed_lines": [], "summary": {"covered_lines": 0, "num_statements": 0, "percent_covered": 100.0, "percent_covered_display": "100", "missing_lines": 0, "excluded_lines": 0, "percent_statements_covered": 100.0, "percent_statements_covered_display": "100"}, "missing_lines": [], "excluded_lines": [], "functions": {"": {"executed_lines": [], "summary": {"covered_lines": 0, "num_statements": 0, "percent_covered": 100.0, "percent_covered_display": "100", "missing_lines": 0, "excluded_lines": 0, "percent_statements_covered": 100.0, "percent_statements_covered_display": "100"}, "missing_lines": [], "excluded_lines": [], "start_line": 1}}, "classes": {"": {"executed_lines": [], "summary": {"covered_lines": 0, "num_statements": 0, "percent_covered": 100.0, "percent_covered_display": "100", "missing_lines": 0, "excluded_lines": 0, "percent_statements_covered": 100.0, "percent_statements_covered_display": "100"}, "missing_lines": [], "excluded_lines": [], "start_line": 1}}}, "api\\middleware\\audit.py": {"executed_lines": [], "summary": {"covered_lines": 0, "num_statements": 32, "percent_covered": 0.0, "percent_covered_display": "0", "missing_lines": 32, "excluded_lines": 0, "percent_statements_covered": 0.0, "percent_statements_covered_display": "0"}, "missing_lines": [8, 9, 11, 12, 14, 15, 17, 20, 29, 37, 38, 40, 41, 44, 45, 48, 49, 50, 52, 54, 55, 56, 59, 61, 62, 63, 64, 75, 76, 78, 81, 83], "excluded_lines": [], "functions": {"AuditMiddleware.__init__": {"executed_lines": [], "summary": {"covered_lines": 0, "num_statements": 1, "percent_covered": 0.0, "percent_covered_display": "0", "missing_lines": 1, "excluded_lines": 0, "percent_statements_covered": 0.0, "percent_statements_covered_display": "0"}, "missing_lines": [38], "excluded_lines": [], "start_line": 37}, "AuditMiddleware.dispatch": {"executed_lines": [], "summary": {"covered_lines": 0, "num_statements": 18, "percent_covered": 0.0, "percent_covered_display": "0", "missing_lines": 18, "excluded_lines": 0, "percent_statements_covered": 0.0, "percent_statements_covered_display": "0"}, "missing_lines": [41, 44, 45, 48, 49, 50, 52, 54, 55, 56, 59, 61, 62, 63, 64, 75, 76, 78], "excluded_lines": [], "start_line": 40}, "add_audit_middleware": {"executed_lines": [], "summary": {"covered_lines": 0, "num_statements": 1, "percent_covered": 0.0, "percent_covered_display": "0", "missing_lines": 1, "excluded_lines": 0, "percent_statements_covered": 0.0, "percent_statements_covered_display": "0"}, "missing_lines": [83], "excluded_lines": [], "start_line": 81}, "": {"executed_lines": [], "summary": {"covered_lines": 0, "num_statements": 12, "percent_covered": 0.0, "percent_covered_display": "0", "missing_lines": 12, "excluded_lines": 0, "percent_statements_covered": 0.0, "percent_statements_covered_display": "0"}, "missing_lines": [8, 9, 11, 12, 14, 15, 17, 20, 29, 37, 40, 81], "excluded_lines": [], "start_line": 1}}, "classes": {"AuditMiddleware": {"executed_lines": [], "summary": {"covered_lines": 0, "num_statements": 19, "percent_covered": 0.0, "percent_covered_display": "0", "missing_lines": 19, "excluded_lines": 0, "percent_statements_covered": 0.0, "percent_statements_covered_display": "0"}, "missing_lines": [38, 41, 44, 45, 48, 49, 50, 52, 54, 55, 56, 59, 61, 62, 63, 64, 75, 76, 78], "excluded_lines": [], "start_line": 29}, "": {"executed_lines": [], "summary": {"covered_lines": 0, "num_statements": 13, "percent_covered": 0.0, "percent_covered_display": "0", "missing_lines": 13, "excluded_lines": 0, "percent_statements_covered": 0.0, "percent_statements_covered_display": "0"}, "missing_lines": [8, 9, 11, 12, 14, 15, 17, 20, 29, 37, 40, 81, 83], "excluded_lines": [], "start_line": 1}}}, "api\\middleware\\csrf.py": {"executed_lines": [], "summary": {"covered_lines": 0, "num_statements": 36, "percent_covered": 0.0, "percent_covered_display": "0", "missing_lines": 36, "excluded_lines": 0, "percent_statements_covered": 0.0, "percent_statements_covered_display": "0"}, "missing_lines": [9, 10, 12, 13, 15, 18, 21, 35, 44, 48, 54, 57, 58, 59, 62, 63, 66, 67, 68, 71, 72, 73, 76, 79, 82, 83, 94, 96, 101, 102, 111, 113, 119, 122, 128, 129], "excluded_lines": [], "functions": {"CSRFMiddleware.dispatch": {"executed_lines": [], "summary": {"covered_lines": 0, "num_statements": 23, "percent_covered": 0.0, "percent_covered_display": "0", "missing_lines": 23, "excluded_lines": 0, "percent_statements_covered": 0.0, "percent_statements_covered_display": "0"}, "missing_lines": [54, 57, 58, 59, 62, 63, 66, 67, 68, 71, 72, 73, 76, 79, 82, 83, 94, 96, 101, 102, 111, 113, 119], "excluded_lines": [], "start_line": 48}, "add_csrf_middleware": {"executed_lines": [], "summary": {"covered_lines": 0, "num_statements": 2, "percent_covered": 0.0, "percent_covered_display": "0", "missing_lines": 2, "excluded_lines": 0, "percent_statements_covered": 0.0, "percent_statements_covered_display": "0"}, "missing_lines": [128, 129], "excluded_lines": [], "start_line": 122}, "": {"executed_lines": [], "summary": {"covered_lines": 0, "num_statements": 11, "percent_covered": 0.0, "percent_covered_display": "0", "missing_lines": 11, "excluded_lines": 0, "percent_statements_covered": 0.0, "percent_statements_covered_display": "0"}, "missing_lines": [9, 10, 12, 13, 15, 18, 21, 35, 44, 48, 122], "excluded_lines": [], "start_line": 1}}, "classes": {"CSRFMiddleware": {"executed_lines": [], "summary": {"covered_lines": 0, "num_statements": 23, "percent_covered": 0.0, "percent_covered_display": "0", "missing_lines": 23, "excluded_lines": 0, "percent_statements_covered": 0.0, "percent_statements_covered_display": "0"}, "missing_lines": [54, 57, 58, 59, 62, 63, 66, 67, 68, 71, 72, 73, 76, 79, 82, 83, 94, 96, 101, 102, 111, 113, 119], "excluded_lines": [], "start_line": 21}, "": {"executed_lines": [], "summary": {"covered_lines": 0, "num_statements": 13, "percent_covered": 0.0, "percent_covered_display": "0", "missing_lines": 13, "excluded_lines": 0, "percent_statements_covered": 0.0, "percent_statements_covered_display": "0"}, "missing_lines": [9, 10, 12, 13, 15, 18, 21, 35, 44, 48, 122, 128, 129], "excluded_lines": [], "start_line": 1}}}, "api\\middleware\\error_handler.py": {"executed_lines": [], "summary": {"covered_lines": 0, "num_statements": 63, "percent_covered": 0.0, "percent_covered_display": "0", "missing_lines": 63, "excluded_lines": 0, "percent_statements_covered": 0.0, "percent_statements_covered_display": "0"}, "missing_lines": [11, 12, 14, 15, 16, 18, 20, 23, 39, 41, 42, 43, 46, 48, 51, 64, 65, 67, 69, 70, 71, 75, 77, 87, 88, 90, 93, 106, 111, 112, 113, 114, 115, 117, 120, 126, 127, 130, 143, 149, 155, 162, 168, 171, 172, 173, 181, 192, 199, 205, 211, 212, 215, 229, 230, 233, 235, 241, 247, 254, 255, 256, 257], "excluded_lines": [], "functions": {"_is_production": {"executed_lines": [], "summary": {"covered_lines": 0, "num_statements": 3, "percent_covered": 0.0, "percent_covered_display": "0", "missing_lines": 3, "excluded_lines": 0, "percent_statements_covered": 0.0, "percent_statements_covered_display": "0"}, "missing_lines": [41, 42, 43], "excluded_lines": [], "start_line": 39}, "_get_request_id": {"executed_lines": [], "summary": {"covered_lines": 0, "num_statements": 1, "percent_covered": 0.0, "percent_covered_display": "0", "missing_lines": 1, "excluded_lines": 0, "percent_statements_covered": 0.0, "percent_statements_covered_display": "0"}, "missing_lines": [48], "excluded_lines": [], "start_line": 46}, "_sanitize_error_detail": {"executed_lines": [], "summary": {"covered_lines": 0, "num_statements": 11, "percent_covered": 0.0, "percent_covered_display": "0", "missing_lines": 11, "excluded_lines": 0, "percent_statements_covered": 0.0, "percent_statements_covered_display": "0"}, "missing_lines": [64, 65, 67, 69, 70, 71, 75, 77, 87, 88, 90], "excluded_lines": [], "start_line": 51}, "_build_error_response": {"executed_lines": [], "summary": {"covered_lines": 0, "num_statements": 7, "percent_covered": 0.0, "percent_covered_display": "0", "missing_lines": 7, "excluded_lines": 0, "percent_statements_covered": 0.0, "percent_statements_covered_display": "0"}, "missing_lines": [106, 111, 112, 113, 114, 115, 117], "excluded_lines": [], "start_line": 93}, "http_exception_handler": {"executed_lines": [], "summary": {"covered_lines": 0, "num_statements": 6, "percent_covered": 0.0, "percent_covered_display": "0", "missing_lines": 6, "excluded_lines": 0, "percent_statements_covered": 0.0, "percent_statements_covered_display": "0"}, "missing_lines": [126, 127, 130, 143, 149, 155], "excluded_lines": [], "start_line": 120}, "validation_exception_handler": {"executed_lines": [], "summary": {"covered_lines": 0, "num_statements": 7, "percent_covered": 0.0, "percent_covered_display": "0", "missing_lines": 7, "excluded_lines": 0, "percent_statements_covered": 0.0, "percent_statements_covered_display": "0"}, "missing_lines": [168, 171, 172, 173, 181, 192, 199], "excluded_lines": [], "start_line": 162}, "general_exception_handler": {"executed_lines": [], "summary": {"covered_lines": 0, "num_statements": 8, "percent_covered": 0.0, "percent_covered_display": "0", "missing_lines": 8, "excluded_lines": 0, "percent_statements_covered": 0.0, "percent_statements_covered_display": "0"}, "missing_lines": [211, 212, 215, 229, 230, 233, 235, 241], "excluded_lines": [], "start_line": 205}, "add_error_handlers": {"executed_lines": [], "summary": {"covered_lines": 0, "num_statements": 4, "percent_covered": 0.0, "percent_covered_display": "0", "missing_lines": 4, "excluded_lines": 0, "percent_statements_covered": 0.0, "percent_statements_covered_display": "0"}, "missing_lines": [254, 255, 256, 257], "excluded_lines": [], "start_line": 247}, "": {"executed_lines": [], "summary": {"covered_lines": 0, "num_statements": 16, "percent_covered": 0.0, "percent_covered_display": "0", "missing_lines": 16, "excluded_lines": 0, "percent_statements_covered": 0.0, "percent_statements_covered_display": "0"}, "missing_lines": [11, 12, 14, 15, 16, 18, 20, 23, 39, 46, 51, 93, 120, 162, 205, 247], "excluded_lines": [], "start_line": 1}}, "classes": {"": {"executed_lines": [], "summary": {"covered_lines": 0, "num_statements": 63, "percent_covered": 0.0, "percent_covered_display": "0", "missing_lines": 63, "excluded_lines": 0, "percent_statements_covered": 0.0, "percent_statements_covered_display": "0"}, "missing_lines": [11, 12, 14, 15, 16, 18, 20, 23, 39, 41, 42, 43, 46, 48, 51, 64, 65, 67, 69, 70, 71, 75, 77, 87, 88, 90, 93, 106, 111, 112, 113, 114, 115, 117, 120, 126, 127, 130, 143, 149, 155, 162, 168, 171, 172, 173, 181, 192, 199, 205, 211, 212, 215, 229, 230, 233, 235, 241, 247, 254, 255, 256, 257], "excluded_lines": [], "start_line": 1}}}, "api\\middleware\\latency.py": {"executed_lines": [], "summary": {"covered_lines": 0, "num_statements": 86, "percent_covered": 0.0, "percent_covered_display": "0", "missing_lines": 86, "excluded_lines": 0, "percent_statements_covered": 0.0, "percent_statements_covered_display": "0"}, "missing_lines": [13, 15, 16, 17, 18, 19, 20, 22, 24, 30, 36, 43, 45, 46, 47, 48, 56, 59, 64, 65, 66, 68, 70, 74, 76, 77, 78, 79, 81, 82, 83, 85, 86, 88, 90, 91, 92, 93, 94, 95, 97, 98, 99, 100, 101, 102, 103, 105, 107, 108, 109, 110, 111, 112, 113, 114, 116, 117, 118, 119, 120, 121, 123, 124, 126, 133, 141, 144, 145, 147, 148, 149, 150, 151, 153, 154, 155, 157, 160, 161, 163, 164, 165, 166, 167, 179], "excluded_lines": [], "functions": {"_classify_endpoint": {"executed_lines": [], "summary": {"covered_lines": 0, "num_statements": 4, "percent_covered": 0.0, "percent_covered_display": "0", "missing_lines": 4, "excluded_lines": 0, "percent_statements_covered": 0.0, "percent_statements_covered_display": "0"}, "missing_lines": [45, 46, 47, 48], "excluded_lines": [], "start_line": 43}, "LatencyTracker.__init__": {"executed_lines": [], "summary": {"covered_lines": 0, "num_statements": 5, "percent_covered": 0.0, "percent_covered_display": "0", "missing_lines": 5, "excluded_lines": 0, "percent_statements_covered": 0.0, "percent_statements_covered_display": "0"}, "missing_lines": [64, 65, 66, 68, 70], "excluded_lines": [], "start_line": 59}, "LatencyTracker.record": {"executed_lines": [], "summary": {"covered_lines": 0, "num_statements": 9, "percent_covered": 0.0, "percent_covered_display": "0", "missing_lines": 9, "excluded_lines": 0, "percent_statements_covered": 0.0, "percent_statements_covered_display": "0"}, "missing_lines": [76, 77, 78, 79, 81, 82, 83, 85, 86], "excluded_lines": [], "start_line": 74}, "LatencyTracker.get_p95": {"executed_lines": [], "summary": {"covered_lines": 0, "num_statements": 13, "percent_covered": 0.0, "percent_covered_display": "0", "missing_lines": 13, "excluded_lines": 0, "percent_statements_covered": 0.0, "percent_statements_covered_display": "0"}, "missing_lines": [90, 91, 92, 93, 94, 95, 97, 98, 99, 100, 101, 102, 103], "excluded_lines": [], "start_line": 88}, "LatencyTracker.get_stats": {"executed_lines": [], "summary": {"covered_lines": 0, "num_statements": 18, "percent_covered": 0.0, "percent_covered_display": "0", "missing_lines": 18, "excluded_lines": 0, "percent_statements_covered": 0.0, "percent_statements_covered_display": "0"}, "missing_lines": [107, 108, 109, 110, 111, 112, 113, 114, 116, 117, 118, 119, 120, 121, 123, 124, 126, 133], "excluded_lines": [], "start_line": 105}, "add_latency_middleware": {"executed_lines": [], "summary": {"covered_lines": 0, "num_statements": 4, "percent_covered": 0.0, "percent_covered_display": "0", "missing_lines": 4, "excluded_lines": 0, "percent_statements_covered": 0.0, "percent_statements_covered_display": "0"}, "missing_lines": [144, 145, 147, 148], "excluded_lines": [], "start_line": 141}, "add_latency_middleware._latency_middleware": {"executed_lines": [], "summary": {"covered_lines": 0, "num_statements": 15, "percent_covered": 0.0, "percent_covered_display": "0", "missing_lines": 15, "excluded_lines": 0, "percent_statements_covered": 0.0, "percent_statements_covered_display": "0"}, "missing_lines": [149, 150, 151, 153, 154, 155, 157, 160, 161, 163, 164, 165, 166, 167, 179], "excluded_lines": [], "start_line": 148}, "": {"executed_lines": [], "summary": {"covered_lines": 0, "num_statements": 18, "percent_covered": 0.0, "percent_covered_display": "0", "missing_lines": 18, "excluded_lines": 0, "percent_statements_covered": 0.0, "percent_statements_covered_display": "0"}, "missing_lines": [13, 15, 16, 17, 18, 19, 20, 22, 24, 30, 36, 43, 56, 59, 74, 88, 105, 141], "excluded_lines": [], "start_line": 1}}, "classes": {"LatencyTracker": {"executed_lines": [], "summary": {"covered_lines": 0, "num_statements": 45, "percent_covered": 0.0, "percent_covered_display": "0", "missing_lines": 45, "excluded_lines": 0, "percent_statements_covered": 0.0, "percent_statements_covered_display": "0"}, "missing_lines": [64, 65, 66, 68, 70, 76, 77, 78, 79, 81, 82, 83, 85, 86, 90, 91, 92, 93, 94, 95, 97, 98, 99, 100, 101, 102, 103, 107, 108, 109, 110, 111, 112, 113, 114, 116, 117, 118, 119, 120, 121, 123, 124, 126, 133], "excluded_lines": [], "start_line": 56}, "": {"executed_lines": [], "summary": {"covered_lines": 0, "num_statements": 41, "percent_covered": 0.0, "percent_covered_display": "0", "missing_lines": 41, "excluded_lines": 0, "percent_statements_covered": 0.0, "percent_statements_covered_display": "0"}, "missing_lines": [13, 15, 16, 17, 18, 19, 20, 22, 24, 30, 36, 43, 45, 46, 47, 48, 56, 59, 74, 88, 105, 141, 144, 145, 147, 148, 149, 150, 151, 153, 154, 155, 157, 160, 161, 163, 164, 165, 166, 167, 179], "excluded_lines": [], "start_line": 1}}}, "api\\middleware\\rate_limit.py": {"executed_lines": [], "summary": {"covered_lines": 0, "num_statements": 73, "percent_covered": 0.0, "percent_covered_display": "0", "missing_lines": 73, "excluded_lines": 0, "percent_statements_covered": 0.0, "percent_statements_covered_display": "0"}, "missing_lines": [9, 10, 11, 12, 13, 15, 16, 18, 21, 24, 33, 36, 39, 40, 42, 43, 45, 47, 48, 50, 52, 54, 56, 57, 58, 60, 61, 63, 65, 71, 73, 74, 75, 76, 77, 78, 80, 82, 85, 88, 89, 90, 92, 93, 94, 95, 98, 99, 100, 103, 106, 114, 116, 117, 124, 129, 130, 136, 139, 140, 141, 143, 145, 147, 148, 149, 150, 153, 155, 156, 157, 158, 159], "excluded_lines": [], "functions": {"SlidingWindowRateLimiter.__init__": {"executed_lines": [], "summary": {"covered_lines": 0, "num_statements": 3, "percent_covered": 0.0, "percent_covered_display": "0", "missing_lines": 3, "excluded_lines": 0, "percent_statements_covered": 0.0, "percent_statements_covered_display": "0"}, "missing_lines": [40, 42, 43], "excluded_lines": [], "start_line": 39}, "SlidingWindowRateLimiter.is_allowed": {"executed_lines": [], "summary": {"covered_lines": 0, "num_statements": 10, "percent_covered": 0.0, "percent_covered_display": "0", "missing_lines": 10, "excluded_lines": 0, "percent_statements_covered": 0.0, "percent_statements_covered_display": "0"}, "missing_lines": [47, 48, 50, 52, 54, 56, 57, 58, 60, 61], "excluded_lines": [], "start_line": 45}, "SlidingWindowRateLimiter.get_stats": {"executed_lines": [], "summary": {"covered_lines": 0, "num_statements": 1, "percent_covered": 0.0, "percent_covered_display": "0", "missing_lines": 1, "excluded_lines": 0, "percent_statements_covered": 0.0, "percent_statements_covered_display": "0"}, "missing_lines": [65], "excluded_lines": [], "start_line": 63}, "SlidingWindowRateLimiter.cleanup": {"executed_lines": [], "summary": {"covered_lines": 0, "num_statements": 6, "percent_covered": 0.0, "percent_covered_display": "0", "missing_lines": 6, "excluded_lines": 0, "percent_statements_covered": 0.0, "percent_statements_covered_display": "0"}, "missing_lines": [73, 74, 75, 76, 77, 78], "excluded_lines": [], "start_line": 71}, "SlidingWindowRateLimiter.reset": {"executed_lines": [], "summary": {"covered_lines": 0, "num_statements": 1, "percent_covered": 0.0, "percent_covered_display": "0", "missing_lines": 1, "excluded_lines": 0, "percent_statements_covered": 0.0, "percent_statements_covered_display": "0"}, "missing_lines": [82], "excluded_lines": [], "start_line": 80}, "RateLimitMiddleware.__init__": {"executed_lines": [], "summary": {"covered_lines": 0, "num_statements": 2, "percent_covered": 0.0, "percent_covered_display": "0", "missing_lines": 2, "excluded_lines": 0, "percent_statements_covered": 0.0, "percent_statements_covered_display": "0"}, "missing_lines": [89, 90], "excluded_lines": [], "start_line": 88}, "RateLimitMiddleware.dispatch": {"executed_lines": [], "summary": {"covered_lines": 0, "num_statements": 19, "percent_covered": 0.0, "percent_covered_display": "0", "missing_lines": 19, "excluded_lines": 0, "percent_statements_covered": 0.0, "percent_statements_covered_display": "0"}, "missing_lines": [93, 94, 95, 98, 99, 100, 103, 106, 114, 116, 117, 124, 129, 130, 136, 139, 140, 141, 143], "excluded_lines": [], "start_line": 92}, "RateLimitMiddleware._get_limit_for_path": {"executed_lines": [], "summary": {"covered_lines": 0, "num_statements": 4, "percent_covered": 0.0, "percent_covered_display": "0", "missing_lines": 4, "excluded_lines": 0, "percent_statements_covered": 0.0, "percent_statements_covered_display": "0"}, "missing_lines": [147, 148, 149, 150], "excluded_lines": [], "start_line": 145}, "add_rate_limit_middleware": {"executed_lines": [], "summary": {"covered_lines": 0, "num_statements": 5, "percent_covered": 0.0, "percent_covered_display": "0", "missing_lines": 5, "excluded_lines": 0, "percent_statements_covered": 0.0, "percent_statements_covered_display": "0"}, "missing_lines": [155, 156, 157, 158, 159], "excluded_lines": [], "start_line": 153}, "": {"executed_lines": [], "summary": {"covered_lines": 0, "num_statements": 22, "percent_covered": 0.0, "percent_covered_display": "0", "missing_lines": 22, "excluded_lines": 0, "percent_statements_covered": 0.0, "percent_statements_covered_display": "0"}, "missing_lines": [9, 10, 11, 12, 13, 15, 16, 18, 21, 24, 33, 36, 39, 45, 63, 71, 80, 85, 88, 92, 145, 153], "excluded_lines": [], "start_line": 1}}, "classes": {"SlidingWindowRateLimiter": {"executed_lines": [], "summary": {"covered_lines": 0, "num_statements": 21, "percent_covered": 0.0, "percent_covered_display": "0", "missing_lines": 21, "excluded_lines": 0, "percent_statements_covered": 0.0, "percent_statements_covered_display": "0"}, "missing_lines": [40, 42, 43, 47, 48, 50, 52, 54, 56, 57, 58, 60, 61, 65, 73, 74, 75, 76, 77, 78, 82], "excluded_lines": [], "start_line": 36}, "RateLimitMiddleware": {"executed_lines": [], "summary": {"covered_lines": 0, "num_statements": 25, "percent_covered": 0.0, "percent_covered_display": "0", "missing_lines": 25, "excluded_lines": 0, "percent_statements_covered": 0.0, "percent_statements_covered_display": "0"}, "missing_lines": [89, 90, 93, 94, 95, 98, 99, 100, 103, 106, 114, 116, 117, 124, 129, 130, 136, 139, 140, 141, 143, 147, 148, 149, 150], "excluded_lines": [], "start_line": 85}, "": {"executed_lines": [], "summary": {"covered_lines": 0, "num_statements": 27, "percent_covered": 0.0, "percent_covered_display": "0", "missing_lines": 27, "excluded_lines": 0, "percent_statements_covered": 0.0, "percent_statements_covered_display": "0"}, "missing_lines": [9, 10, 11, 12, 13, 15, 16, 18, 21, 24, 33, 36, 39, 45, 63, 71, 80, 85, 88, 92, 145, 153, 155, 156, 157, 158, 159], "excluded_lines": [], "start_line": 1}}}, "api\\middleware\\request_size.py": {"executed_lines": [], "summary": {"covered_lines": 0, "num_statements": 43, "percent_covered": 0.0, "percent_covered_display": "0", "missing_lines": 43, "excluded_lines": 0, "percent_statements_covered": 0.0, "percent_statements_covered_display": "0"}, "missing_lines": [14, 15, 17, 18, 20, 22, 25, 34, 43, 44, 45, 46, 52, 71, 72, 75, 76, 78, 79, 81, 84, 85, 86, 87, 88, 89, 95, 99, 101, 105, 107, 110, 124, 127, 128, 129, 130, 132, 133, 134, 135, 137, 140], "excluded_lines": [], "functions": {"RequestSizeLimitMiddleware.__init__": {"executed_lines": [], "summary": {"covered_lines": 0, "num_statements": 4, "percent_covered": 0.0, "percent_covered_display": "0", "missing_lines": 4, "excluded_lines": 0, "percent_statements_covered": 0.0, "percent_statements_covered_display": "0"}, "missing_lines": [43, 44, 45, 46], "excluded_lines": [], "start_line": 34}, "RequestSizeLimitMiddleware.dispatch": {"executed_lines": [], "summary": {"covered_lines": 0, "num_statements": 18, "percent_covered": 0.0, "percent_covered_display": "0", "missing_lines": 18, "excluded_lines": 0, "percent_statements_covered": 0.0, "percent_statements_covered_display": "0"}, "missing_lines": [71, 72, 75, 76, 78, 79, 81, 84, 85, 86, 87, 88, 89, 95, 99, 101, 105, 107], "excluded_lines": [], "start_line": 52}, "add_request_size_limits": {"executed_lines": [], "summary": {"covered_lines": 0, "num_statements": 11, "percent_covered": 0.0, "percent_covered_display": "0", "missing_lines": 11, "excluded_lines": 0, "percent_statements_covered": 0.0, "percent_statements_covered_display": "0"}, "missing_lines": [124, 127, 128, 129, 130, 132, 133, 134, 135, 137, 140], "excluded_lines": [], "start_line": 110}, "": {"executed_lines": [], "summary": {"covered_lines": 0, "num_statements": 10, "percent_covered": 0.0, "percent_covered_display": "0", "missing_lines": 10, "excluded_lines": 0, "percent_statements_covered": 0.0, "percent_statements_covered_display": "0"}, "missing_lines": [14, 15, 17, 18, 20, 22, 25, 34, 52, 110], "excluded_lines": [], "start_line": 1}}, "classes": {"RequestSizeLimitMiddleware": {"executed_lines": [], "summary": {"covered_lines": 0, "num_statements": 22, "percent_covered": 0.0, "percent_covered_display": "0", "missing_lines": 22, "excluded_lines": 0, "percent_statements_covered": 0.0, "percent_statements_covered_display": "0"}, "missing_lines": [43, 44, 45, 46, 71, 72, 75, 76, 78, 79, 81, 84, 85, 86, 87, 88, 89, 95, 99, 101, 105, 107], "excluded_lines": [], "start_line": 25}, "": {"executed_lines": [], "summary": {"covered_lines": 0, "num_statements": 21, "percent_covered": 0.0, "percent_covered_display": "0", "missing_lines": 21, "excluded_lines": 0, "percent_statements_covered": 0.0, "percent_statements_covered_display": "0"}, "missing_lines": [14, 15, 17, 18, 20, 22, 25, 34, 52, 110, 124, 127, 128, 129, 130, 132, 133, 134, 135, 137, 140], "excluded_lines": [], "start_line": 1}}}, "api\\middleware\\security.py": {"executed_lines": [], "summary": {"covered_lines": 0, "num_statements": 32, "percent_covered": 0.0, "percent_covered_display": "0", "missing
[...]
": "0"}, "missing_lines": [649, 650, 654, 655, 656, 660, 661], "excluded_lines": [], "start_line": 645}, "enrich_address": {"executed_lines": [], "summary": {"covered_lines": 0, "num_statements": 7, "percent_covered": 0.0, "percent_covered_display": "0", "missing_lines": 7, "excluded_lines": 0, "percent_statements_covered": 0.0, "percent_statements_covered_display": "0"}, "missing_lines": [672, 673, 677, 678, 679, 683, 684], "excluded_lines": [], "start_line": 668}, "crm_sync_contact": {"executed_lines": [], "summary": {"covered_lines": 0, "num_statements": 7, "percent_covered": 0.0, "percent_covered_display": "0", "missing_lines": 7, "excluded_lines": 0, "percent_statements_covered": 0.0, "percent_statements_covered_display": "0"}, "missing_lines": [692, 693, 697, 698, 699, 700, 704], "excluded_lines": [], "start_line": 688}, "commute_time_analysis": {"executed_lines": [], "summary": {"covered_lines": 0, "num_statements": 26, "percent_covered": 0.0, "percent_covered_display": "0", "missing_lines": 26, "excluded_lines": 0, "percent_statements_covered": 0.0, "percent_statements_covered_display": "0"}, "missing_lines": [718, 719, 724, 725, 726, 732, 733, 734, 739, 740, 741, 743, 744, 750, 752, 753, 754, 755, 756, 757, 763, 765, 766, 778, 779, 781], "excluded_lines": [], "start_line": 708}, "commute_ranking": {"executed_lines": [], "summary": {"covered_lines": 0, "num_statements": 38, "percent_covered": 0.0, "percent_covered_display": "0", "missing_lines": 38, "excluded_lines": 0, "percent_statements_covered": 0.0, "percent_statements_covered_display": "0"}, "missing_lines": [812, 813, 819, 820, 821, 827, 828, 829, 834, 835, 836, 837, 838, 839, 841, 842, 844, 845, 851, 853, 854, 855, 856, 857, 858, 864, 866, 867, 877, 878, 884, 885, 888, 889, 890, 891, 892, 911], "excluded_lines": [], "start_line": 802}, "generate_listing": {"executed_lines": [], "summary": {"covered_lines": 0, "num_statements": 88, "percent_covered": 0.0, "percent_covered_display": "0", "missing_lines": 88, "excluded_lines": 0, "percent_statements_covered": 0.0, "percent_statements_covered_display": "0"}, "missing_lines": [980, 981, 987, 988, 992, 993, 997, 998, 1002, 1003, 1008, 1009, 1010, 1016, 1017, 1018, 1024, 1027, 1028, 1029, 1030, 1031, 1032, 1033, 1034, 1035, 1036, 1037, 1038, 1039, 1040, 1041, 1042, 1043, 1046, 1047, 1048, 1049, 1050, 1051, 1052, 1053, 1054, 1055, 1056, 1057, 1058, 1059, 1060, 1063, 1064, 1066, 1069, 1070, 1071, 1074, 1075, 1076, 1077, 1078, 1080, 1081, 1082, 1088, 1089, 1091, 1092, 1094, 1095, 1101, 1103, 1108, 1109, 1111, 1112, 1114, 1115, 1123, 1125, 1126, 1127, 1128, 1129, 1131, 1132, 1134, 1135, 1137], "excluded_lines": [], "start_line": 966}, "_to_float": {"executed_lines": [], "summary": {"covered_lines": 0, "num_statements": 6, "percent_covered": 0.0, "percent_covered_display": "0", "missing_lines": 6, "excluded_lines": 0, "percent_statements_covered": 0.0, "percent_statements_covered_display": "0"}, "missing_lines": [1147, 1148, 1149, 1150, 1151, 1152], "excluded_lines": [], "start_line": 1146}, "_to_int": {"executed_lines": [], "summary": {"covered_lines": 0, "num_statements": 6, "percent_covered": 0.0, "percent_covered_display": "0", "missing_lines": 6, "excluded_lines": 0, "percent_statements_covered": 0.0, "percent_statements_covered_display": "0"}, "missing_lines": [1156, 1157, 1158, 1159, 1160, 1161], "excluded_lines": [], "start_line": 1155}, "": {"executed_lines": [], "summary": {"covered_lines": 0, "num_statements": 79, "percent_covered": 0.0, "percent_covered_display": "0", "missing_lines": 79, "excluded_lines": 0, "percent_statements_covered": 0.0, "percent_statements_covered_display": "0"}, "missing_lines": [1, 2, 4, 5, 7, 14, 38, 61, 62, 67, 72, 74, 77, 84, 85, 112, 113, 133, 134, 163, 164, 187, 197, 200, 206, 211, 243, 248, 263, 264, 294, 299, 334, 339, 359, 364, 402, 407, 461, 466, 519, 520, 574, 575, 609, 610, 644, 645, 667, 668, 687, 688, 707, 708, 801, 802, 928, 930, 932, 934, 937, 941, 942, 943, 944, 945, 946, 947, 948, 951, 954, 955, 956, 957, 958, 961, 966, 1146, 1155], "excluded_lines": [], "start_line": 1}}, "classes": {"ToolInfo": {"executed_lines": [], "summary": {"covered_lines": 0, "num_statements": 0, "percent_covered": 100.0, "percent_covered_display": "100", "missing_lines": 0, "excluded_lines": 0, "percent_statements_covered": 100.0, "percent_statements_covered_display": "100"}, "missing_lines": [], "excluded_lines": [], "start_line": 77}, "LocationDefaultsResponse": {"executed_lines": [], "summary": {"covered_lines": 0, "num_statements": 0, "percent_covered": 100.0, "percent_covered_display": "100", "missing_lines": 0, "excluded_lines": 0, "percent_statements_covered": 100.0, "percent_statements_covered_display": "100"}, "missing_lines": [], "excluded_lines": [], "start_line": 187}, "AvailableLocationsResponse": {"executed_lines": [], "summary": {"covered_lines": 0, "num_statements": 0, "percent_covered": 100.0, "percent_covered_display": "100", "missing_lines": 0, "excluded_lines": 0, "percent_statements_covered": 100.0, "percent_statements_covered_display": "100"}, "missing_lines": [], "excluded_lines": [], "start_line": 200}, "ListingGenerationRequest": {"executed_lines": [], "summary": {"covered_lines": 0, "num_statements": 0, "percent_covered": 100.0, "percent_covered_display": "100", "missing_lines": 0, "excluded_lines": 0, "percent_statements_covered": 100.0, "percent_statements_covered_display": "100"}, "missing_lines": [], "excluded_lines": [], "start_line": 937}, "ListingGenerationResponse": {"executed_lines": [], "summary": {"covered_lines": 0, "num_statements": 0, "percent_covered": 100.0, "percent_covered_display": "100", "missing_lines": 0, "excluded_lines": 0, "percent_statements_covered": 100.0, "percent_statements_covered_display": "100"}, "missing_lines": [], "excluded_lines": [], "start_line": 951}, "": {"executed_lines": [], "summary": {"covered_lines": 0, "num_statements": 392, "percent_covered": 0.0, "percent_covered_display": "0", "missing_lines": 392, "excluded_lines": 0, "percent_statements_covered": 0.0, "percent_statements_covered_display": "0"}, "missing_lines": [1, 2, 4, 5, 7, 14, 38, 61, 62, 67, 72, 74, 77, 84, 85, 87, 88, 89, 109, 112, 113, 117, 118, 124, 125, 126, 127, 133, 134, 139, 140, 153, 154, 155, 156, 163, 164, 175, 176, 177, 178, 179, 180, 187, 197, 200, 206, 211, 224, 225, 226, 236, 237, 243, 248, 254, 255, 256, 257, 263, 264, 268, 269, 284, 285, 286, 287, 294, 299, 304, 305, 324, 325, 326, 327, 334, 339, 344, 345, 349, 350, 351, 352, 359, 364, 376, 377, 393, 394, 395, 396, 402, 407, 417, 418, 430, 452, 453, 454, 455, 461, 466, 470, 471, 476, 477, 478, 483, 484, 485, 490, 491, 492, 493, 494, 505, 506, 507, 509, 516, 519, 520, 524, 525, 530, 531, 532, 537, 538, 539, 544, 545, 546, 547, 549, 550, 551, 552, 553, 554, 555, 556, 558, 559, 561, 574, 575, 579, 580, 585, 586, 587, 592, 593, 594, 599, 600, 609, 610, 615, 616, 620, 621, 625, 626, 627, 631, 632, 633, 637, 638, 639, 640, 641, 644, 645, 649, 650, 654, 655, 656, 660, 661, 667, 668, 672, 673, 677, 678, 679, 683, 684, 687, 688, 692, 693, 697, 698, 699, 700, 704, 707, 708, 718, 719, 724, 725, 726, 732, 733, 734, 739, 740, 741, 743, 744, 750, 752, 753, 754, 755, 756, 757, 763, 765, 766, 778, 779, 781, 801, 802, 812, 813, 819, 820, 821, 827, 828, 829, 834, 835, 836, 837, 838, 839, 841, 842, 844, 845, 851, 853, 854, 855, 856, 857, 858, 864, 866, 867, 877, 878, 884, 885, 888, 889, 890, 891, 892, 911, 928, 930, 932, 934, 937, 941, 942, 943, 944, 945, 946, 947, 948, 951, 954, 955, 956, 957, 958, 961, 966, 980, 981, 987, 988, 992, 993, 997, 998, 1002, 1003, 1008, 1009, 1010, 1016, 1017, 1018, 1024, 1027, 1028, 1029, 1030, 1031, 1032, 1033, 1034, 1035, 1036, 1037, 1038, 1039, 1040, 1041, 1042, 1043, 1046, 1047, 1048, 1049, 1050, 1051, 1052, 1053, 1054, 1055, 1056, 1057, 1058, 1059, 1060, 1063, 1064, 1066, 1069, 1070, 1071, 1074, 1075, 1076, 1077, 1078, 1080, 1081, 1082, 1088, 1089, 1091, 1092, 1094, 1095, 1101, 1103, 1108, 1109, 1111, 1112, 1114, 1115, 1123, 1125, 1126, 1127, 1128, 1129, 1131, 1132, 1134, 1135, 1137, 1146, 1147, 1148, 1149, 1150, 1151, 1152, 1155, 1156, 1157, 1158, 1159, 1160, 1161], "excluded_lines": [], "start_line": 1}}}, "api\\routers\\user_activity.py": {"executed_lines": [], "summary": {"covered_lines": 0, "num_statements": 43, "percent_covered": 0.0, "percent_covered_display": "0", "missing_lines": 43, "excluded_lines": 0, "percent_statements_covered": 0.0, "percent_statements_covered_display": "0"}, "missing_lines": [9, 10, 12, 13, 14, 16, 17, 18, 19, 24, 26, 28, 36, 42, 53, 54, 60, 77, 83, 99, 100, 107, 122, 133, 144, 145, 152, 153, 155, 167, 173, 184, 185, 190, 191, 197, 214, 220, 236, 237, 242, 243, 250], "excluded_lines": [], "functions": {"get_activity_summary": {"executed_lines": [], "summary": {"covered_lines": 0, "num_statements": 3, "percent_covered": 0.0, "percent_covered_display": "0", "missing_lines": 3, "excluded_lines": 0, "percent_statements_covered": 0.0, "percent_statements_covered_display": "0"}, "missing_lines": [53, 54, 60], "excluded_lines": [], "start_line": 42}, "get_activity_trends": {"executed_lines": [], "summary": {"covered_lines": 0, "num_statements": 3, "percent_covered": 0.0, "percent_covered_display": "0", "missing_lines": 3, "excluded_lines": 0, "percent_statements_covered": 0.0, "percent_statements_covered_display": "0"}, "missing_lines": [99, 100, 107], "excluded_lines": [], "start_line": 83}, "export_activity_data": {"executed_lines": [], "summary": {"covered_lines": 0, "num_statements": 5, "percent_covered": 0.0, "percent_covered_display": "0", "missing_lines": 5, "excluded_lines": 0, "percent_statements_covered": 0.0, "percent_statements_covered_display": "0"}, "missing_lines": [144, 145, 152, 153, 155], "excluded_lines": [], "start_line": 133}, "get_global_activity_summary": {"executed_lines": [], "summary": {"covered_lines": 0, "num_statements": 5, "percent_covered": 0.0, "percent_covered_display": "0", "missing_lines": 5, "excluded_lines": 0, "percent_statements_covered": 0.0, "percent_statements_covered_display": "0"}, "missing_lines": [184, 185, 190, 191, 197], "excluded_lines": [], "start_line": 173}, "get_global_activity_trends": {"executed_lines": [], "summary": {"covered_lines": 0, "num_statements": 5, "percent_covered": 0.0, "percent_covered_display": "0", "missing_lines": 5, "excluded_lines": 0, "percent_statements_covered": 0.0, "percent_statements_covered_display": "0"}, "missing_lines": [236, 237, 242, 243, 250], "excluded_lines": [], "start_line": 220}, "": {"executed_lines": [], "summary": {"covered_lines": 0, "num_statements": 22, "percent_covered": 0.0, "percent_covered_display": "0", "missing_lines": 22, "excluded_lines": 0, "percent_statements_covered": 0.0, "percent_statements_covered_display": "0"}, "missing_lines": [9, 10, 12, 13, 14, 16, 17, 18, 19, 24, 26, 28, 36, 42, 77, 83, 122, 133, 167, 173, 214, 220], "excluded_lines": [], "start_line": 1}}, "classes": {"": {"executed_lines": [], "summary": {"covered_lines": 0, "num_statements": 43, "percent_covered": 0.0, "percent_covered_display": "0", "missing_lines": 43, "excluded_lines": 0, "percent_statements_covered": 0.0, "percent_statements_covered_display": "0"}, "missing_lines": [9, 10, 12, 13, 14, 16, 17, 18, 19, 24, 26, 28, 36, 42, 53, 54, 60, 77, 83, 99, 100, 107, 122, 133, 144, 145, 152, 153, 155, 167, 173, 184, 185, 190, 191, 197, 214, 220, 236, 237, 242, 243, 250], "excluded_lines": [], "start_line": 1}}}, "api\\routers\\webhooks\\__init__.py": {"executed_lines": [], "summary": {"covered_lines": 0, "num_statements": 2, "percent_covered": 0.0, "percent_covered_display": "0", "missing_lines": 2, "excluded_lines": 0, "percent_statements_covered": 0.0, "percent_statements_covered_display": "0"}, "missing_lines": [3, 5], "excluded_lines": [], "functions": {"": {"executed_lines": [], "summary": {"covered_lines": 0, "num_statements": 2, "percent_covered": 0.0, "percent_covered_display": "0", "missing_lines": 2, "excluded_lines": 0, "percent_statements_covered": 0.0, "percent_statements_covered_display": "0"}, "missing_lines": [3, 5], "excluded_lines": [], "start_line": 1}}, "classes": {"": {"executed_lines": [], "summary": {"covered_lines": 0, "num_statements": 2, "percent_covered": 0.0, "percent_covered_display": "0", "missing_lines": 2, "excluded_lines": 0, "percent_statements_covered": 0.0, "percent_statements_covered_display": "0"}, "missing_lines": [3, 5], "excluded_lines": [], "start_line": 1}}}, "api\\routers\\webhooks\\esignatures.py": {"executed_lines": [], "summary": {"covered_lines": 0, "num_statements": 123, "percent_covered": 0.0, "percent_covered_display": "0", "missing_lines": 123, "excluded_lines": 0, "percent_statements_covered": 0.0, "percent_statements_covered_display": "0"}, "missing_lines": [8, 9, 10, 11, 12, 13, 15, 22, 24, 25, 26, 27, 28, 30, 32, 35, 41, 42, 43, 45, 47, 53, 54, 55, 56, 59, 65, 71, 72, 73, 76, 77, 78, 84, 85, 86, 87, 88, 89, 94, 95, 96, 98, 101, 102, 103, 104, 106, 107, 108, 110, 111, 113, 114, 115, 118, 120, 121, 122, 124, 125, 126, 128, 129, 130, 131, 132, 133, 134, 135, 136, 137, 139, 140, 141, 142, 144, 146, 147, 148, 149, 150, 151, 152, 153, 154, 155, 157, 158, 159, 161, 162, 163, 166, 167, 169, 172, 173, 190, 191, 192, 193, 194, 199, 200, 202, 205, 211, 213, 214, 218, 219, 221, 224, 226, 228, 229, 231, 232, 240, 242, 243, 244], "excluded_lines": [], "functions": {"_verify_hellosign_signature": {"executed_lines": [], "summary": {"covered_lines": 0, "num_statements": 9, "percent_covered": 0.0, "percent_covered_display": "0", "missing_lines": 9, "excluded_lines": 0, "percent_statements_covered": 0.0, "percent_statements_covered_display": "0"}, "missing_lines": [41, 42, 43, 45, 47, 53, 54, 55, 56], "excluded_lines": [], "start_line": 35}, "handle_hellosign_webhook": {"executed_lines": [], "summary": {"covered_lines": 0, "num_statements": 79, "percent_covered": 0.0, "percent_covered_display": "0", "missing_lines": 79, "excluded_lines": 0, "percent_statements_covered": 0.0, "percent_statements_covered_display": "0"}, "missing_lines": [71, 72, 73, 76, 77, 78, 84, 85, 86, 87, 88, 89, 94, 95, 96, 98, 101, 102, 103, 104, 106, 107, 108, 110, 111, 113, 114, 115, 118, 120, 121, 122, 124, 125, 126, 128, 129, 130, 131, 132, 133, 134, 135, 136, 137, 139, 140, 141, 142, 144, 146, 147, 148, 149, 150, 151, 152, 153, 154, 155, 157, 158, 159, 161, 162, 163, 166, 167, 169, 172, 173, 190, 191, 192, 193, 194, 199, 200, 202], "excluded_lines": [], "start_line": 65}, "_download_and_store_signed_document": {"executed_lines": [], "summary": {"covered_lines": 0, "num_statements": 16, "percent_covered": 0.0, "percent_covered_display": "0", "missing_lines": 16, "excluded_lines": 0, "percent_statements_covered": 0.0, "percent_statements_covered_display": "0"}, "missing_lines": [211, 213, 214, 218, 219, 221, 224, 226, 228, 229, 231, 232, 240, 242, 243, 244], "excluded_lines": [], "start_line": 205}, "": {"executed_lines": [], "summary": {"covered_lines": 0, "num_statements": 19, "percent_covered": 0.0, "percent_covered_display": "0", "missing_lines": 19, "excluded_lines": 0, "percent_statements_covered": 0.0, "percent_statements_covered_display": "0"}, "missing_lines": [8, 9, 10, 11, 12, 13, 15, 22, 24, 25, 26, 27, 28, 30, 32, 35, 59, 65, 205], "excluded_lines": [], "start_line": 1}}, "classes": {"": {"executed_lines": [], "summary": {"covered_lines": 0, "num_statements": 123, "percent_covered": 0.0, "percent_covered_display": "0", "missing_lines": 123, "excluded_lines": 0, "percent_statements_covered": 0.0, "percent_statements_covered_display": "0"}, "missing_lines": [8, 9, 10, 11, 12, 13, 15, 22, 24, 25, 26, 27, 28, 30, 32, 35, 41, 42, 43, 45, 47, 53, 54, 55, 56, 59, 65, 71, 72, 73, 76, 77, 78, 84, 85, 86, 87, 88, 89, 94, 95, 96, 98, 101, 102, 103, 104, 106, 107, 108, 110, 111, 113, 114, 115, 118, 120, 121, 122, 124, 125, 126, 128, 129, 130, 131, 132, 133, 134, 135, 136, 137, 139, 140, 141, 142, 144, 146, 147, 148, 149, 150, 151, 152, 153, 154, 155, 157, 158, 159, 161, 162, 163, 166, 167, 169, 172, 173, 190, 191, 192, 193, 194, 199, 200, 202, 205, 211, 213, 214, 218, 219, 221, 224, 226, 228, 229, 231, 232, 240, 242, 243, 244], "excluded_lines": [], "start_line": 1}}}, "api\\sentry_init.py": {"executed_lines": [], "summary": {"covered_lines": 0, "num_statements": 66, "percent_covered": 0.0, "percent_covered_display": "0", "missing_lines": 66, "excluded_lines": 0, "percent_statements_covered": 0.0, "percent_statements_covered_display": "0"}, "missing_lines": [8, 9, 11, 13, 16, 18, 19, 25, 26, 30, 46, 49, 50, 51, 52, 53, 56, 59, 60, 61, 62, 63, 66, 67, 68, 69, 70, 72, 75, 82, 83, 84, 85, 86, 87, 88, 90, 91, 93, 94, 95, 97, 99, 118, 119, 121, 122, 123, 124, 126, 131, 134, 136, 137, 139, 145, 146, 149, 151, 152, 153, 154, 156, 158, 165, 166], "excluded_lines": [], "functions": {"_get_git_sha": {"executed_lines": [], "summary": {"covered_lines": 0, "num_statements": 4, "percent_covered": 0.0, "percent_covered_display": "0", "missing_lines": 4, "excluded_lines": 0, "percent_statements_covered": 0.0, "percent_statements_covered_display": "0"}, "missing_lines": [18, 19, 25, 26], "excluded_lines": [], "start_line": 16}, "_before_send": {"executed_lines": [], "summary": {"covered_lines": 0, "num_statements": 17, "percent_covered": 0.0, "percent_covered_display": "0", "missing_lines": 17, "excluded_lines": 0, "percent_statements_covered": 0.0, "percent_statements_covered_display": "0"}, "missing_lines": [49, 50, 51, 52, 53, 56, 59, 60, 61, 62, 63, 66, 67, 68, 69, 70, 72], "excluded_lines": [], "start_line": 46}, "init_sentry": {"executed_lines": [], "summary": {"covered_lines": 0, "num_statements": 22, "percent_covered": 0.0, "percent_covered_display": "0", "missing_lines": 22, "excluded_lines": 0, "percent_statements_covered": 0.0, "percent_statements_covered_display": "0"}, "missing_lines": [82, 83, 84, 85, 86, 87, 88, 90, 91, 93, 94, 95, 97, 99, 118, 119, 121, 122, 123, 124, 126, 131], "excluded_lines": [], "start_line": 75}, "add_llm_breadcrumb": {"executed_lines": [], "summary": {"covered_lines": 0, "num_statements": 5, "percent_covered": 0.0, "percent_covered_display": "0", "missing_lines": 5, "excluded_lines": 0, "percent_statements_covered": 0.0, "percent_statements_covered_display": "0"}, "missing_lines": [136, 137, 139, 145, 146], "excluded_lines": [], "start_line": 134}, "set_user_context": {"executed_lines": [], "summary": {"covered_lines": 0, "num_statements": 8, "percent_covered": 0.0, "percent_covered_display": "0", "missing_lines": 8, "excluded_lines": 0, "percent_statements_covered": 0.0, "percent_statements_covered_display": "0"}, "missing_lines": [151, 152, 153, 154, 156, 158, 165, 166], "excluded_lines": [], "start_line": 149}, "": {"executed_lines": [], "summary": {"covered_lines": 0, "num_statements": 10, "percent_covered": 0.0, "percent_covered_display": "0", "missing_lines": 10, "excluded_lines": 0, "percent_statements_covered": 0.0, "percent_statements_covered_display": "0"}, "missing_lines": [8, 9, 11, 13, 16, 30, 46, 75, 134, 149], "excluded_lines": [], "start_line": 1}}, "classes": {"": {"executed_lines": [], "summary": {"covered_lines": 0, "num_statements": 66, "percent_covered": 0.0, "percent_covered_display": "0", "missing_lines": 66, "excluded_lines": 0, "percent_statements_covered": 0.0, "percent_statements_covered_display": "0"}, "missing_lines": [8, 9, 11, 13, 16, 18, 19, 25, 26, 30, 46, 49, 50, 51, 52, 53, 56, 59, 60, 61, 62, 63, 66, 67, 68, 69, 70, 72, 75, 82, 83, 84, 85, 86, 87, 88, 90, 91, 93, 94, 95, 97, 99, 118, 119, 121, 122, 123, 124, 126, 131, 134, 136, 137, 139, 145, 146, 149, 151, 152, 153, 154, 156, 158, 165, 166], "excluded_lines": [], "start_line": 1}}}}, "totals": {"covered_lines": 591, "num_statements": 7819, "percent_covered": 7.558511318582939, "percent_covered_display": "8", "missing_lines": 7228, "excluded_lines": 9, "percent_statements_covered": 7.558511318582939, "percent_statements_covered_display": "8"}}

